<?xml version="1.0" encoding="UTF-8"?>
<!-- Generated by org.testng.reporters.JUnitXMLReporter -->
<testsuite hostname="DESKTOP-RC48C0S" ignored="0" name="Default test" tests="8" failures="0" timestamp="03 Jul 2018 04:31:15 GMT" time="111.82" errors="0">
  <testcase name="Scenario_005" time="6.234" classname="com.controller.ScriptExecution"/>
  <testcase name="Scenario_006" time="5.368" classname="com.controller.ScriptExecution"/>
  <testcase name="Scenario_008" time="4.887" classname="com.controller.ScriptExecution"/>
  <testcase name="Scenario_009" time="3.549" classname="com.controller.ScriptExecution"/>
  <testcase name="Scenario_010" time="6.437" classname="com.controller.ScriptExecution"/>
  <testcase name="Scenario_011" time="5.477" classname="com.controller.ScriptExecution"/>
  <testcase name="Scenario_022" time="5.956" classname="com.controller.ScriptExecution"/>
  <testcase name="Scenario_023" time="16.787" classname="com.controller.ScriptExecution"/>
</testsuite> <!-- Default test -->
