<?xml version="1.0" encoding="UTF-8"?>
<!-- Generated by org.testng.reporters.JUnitXMLReporter -->
<testsuite ignored="47" hostname="DESKTOP-L268OE3" failures="0" tests="1" name="Default test" time="23.262" errors="0" timestamp="06 Feb 2019 10:03:29 GMT">
  <testcase classname="com.controller.ScriptExecution" name="WSAdmin11" time="15.738"/>
  <testcase classname="com.controller.ScriptExecution" name="CorporateDashboard01" time="0.0">
    <ignored/>
  </testcase> <!-- CorporateDashboard01 -->
  <testcase classname="com.controller.ScriptExecution" name="CorporateDashboard03" time="0.0">
    <ignored/>
  </testcase> <!-- CorporateDashboard03 -->
  <testcase classname="com.controller.ScriptExecution" name="CorporateDashboard02" time="0.0">
    <ignored/>
  </testcase> <!-- CorporateDashboard02 -->
  <testcase classname="com.controller.ScriptExecution" name="CorpUserMangement10" time="0.0">
    <ignored/>
  </testcase> <!-- CorpUserMangement10 -->
  <testcase classname="com.controller.ScriptExecution" name="CorpUserMangement12" time="0.0">
    <ignored/>
  </testcase> <!-- CorpUserMangement12 -->
  <testcase classname="com.controller.ScriptExecution" name="CorpUserMangement11" time="0.0">
    <ignored/>
  </testcase> <!-- CorpUserMangement11 -->
  <testcase classname="com.controller.ScriptExecution" name="onboarding2" time="0.0">
    <ignored/>
  </testcase> <!-- onboarding2 -->
  <testcase classname="com.controller.ScriptExecution" name="WSAdmin09" time="0.0">
    <ignored/>
  </testcase> <!-- WSAdmin09 -->
  <testcase classname="com.controller.ScriptExecution" name="WSAdmin08" time="0.0">
    <ignored/>
  </testcase> <!-- WSAdmin08 -->
  <testcase classname="com.controller.ScriptExecution" name="WSAdmin05" time="0.0">
    <ignored/>
  </testcase> <!-- WSAdmin05 -->
  <testcase classname="com.controller.ScriptExecution" name="WSAdmin07" time="0.0">
    <ignored/>
  </testcase> <!-- WSAdmin07 -->
  <testcase classname="com.controller.ScriptExecution" name="WSAdmin06" time="0.0">
    <ignored/>
  </testcase> <!-- WSAdmin06 -->
  <testcase classname="com.controller.ScriptExecution" name="WSAdmin01" time="0.0">
    <ignored/>
  </testcase> <!-- WSAdmin01 -->
  <testcase classname="com.controller.ScriptExecution" name="WSAdmin03" time="0.0">
    <ignored/>
  </testcase> <!-- WSAdmin03 -->
  <testcase classname="com.controller.ScriptExecution" name="WSAdmin02" time="0.0">
    <ignored/>
  </testcase> <!-- WSAdmin02 -->
  <testcase classname="com.controller.ScriptExecution" name="CorporateJob1" time="0.0">
    <ignored/>
  </testcase> <!-- CorporateJob1 -->
  <testcase classname="com.controller.ScriptExecution" name="CorpUserMangement07" time="0.0">
    <ignored/>
  </testcase> <!-- CorpUserMangement07 -->
  <testcase classname="com.controller.ScriptExecution" name="WSAdmin04" time="0.0">
    <ignored/>
  </testcase> <!-- WSAdmin04 -->
  <testcase classname="com.controller.ScriptExecution" name="CorporateJob2" time="0.0">
    <ignored/>
  </testcase> <!-- CorporateJob2 -->
  <testcase classname="com.controller.ScriptExecution" name="CorpUserMangement09" time="0.0">
    <ignored/>
  </testcase> <!-- CorpUserMangement09 -->
  <testcase classname="com.controller.ScriptExecution" name="CorpUserMangement08" time="0.0">
    <ignored/>
  </testcase> <!-- CorpUserMangement08 -->
  <testcase classname="com.controller.ScriptExecution" name="CorpUserMangement03" time="0.0">
    <ignored/>
  </testcase> <!-- CorpUserMangement03 -->
  <testcase classname="com.controller.ScriptExecution" name="Submission07" time="0.0">
    <ignored/>
  </testcase> <!-- Submission07 -->
  <testcase classname="com.controller.ScriptExecution" name="CorpUserMangement02" time="0.0">
    <ignored/>
  </testcase> <!-- CorpUserMangement02 -->
  <testcase classname="com.controller.ScriptExecution" name="CorpUserMangement05" time="0.0">
    <ignored/>
  </testcase> <!-- CorpUserMangement05 -->
  <testcase classname="com.controller.ScriptExecution" name="CorpUserMangement04" time="0.0">
    <ignored/>
  </testcase> <!-- CorpUserMangement04 -->
  <testcase classname="com.controller.ScriptExecution" name="Submission04" time="0.0">
    <ignored/>
  </testcase> <!-- Submission04 -->
  <testcase classname="com.controller.ScriptExecution" name="CorpUserMangement01" time="0.0">
    <ignored/>
  </testcase> <!-- CorpUserMangement01 -->
  <testcase classname="com.controller.ScriptExecution" name="Submission05" time="0.0">
    <ignored/>
  </testcase> <!-- Submission05 -->
  <testcase classname="com.controller.ScriptExecution" name="Submission06" time="0.0">
    <ignored/>
  </testcase> <!-- Submission06 -->
  <testcase classname="com.controller.ScriptExecution" name="onboarding1" time="0.0">
    <ignored/>
  </testcase> <!-- onboarding1 -->
  <testcase classname="com.controller.ScriptExecution" name="Login6" time="0.0">
    <ignored/>
  </testcase> <!-- Login6 -->
  <testcase classname="com.controller.ScriptExecution" name="Login5" time="0.0">
    <ignored/>
  </testcase> <!-- Login5 -->
  <testcase classname="com.controller.ScriptExecution" name="Submission01" time="0.0">
    <ignored/>
  </testcase> <!-- Submission01 -->
  <testcase classname="com.controller.ScriptExecution" name="Submission02" time="0.0">
    <ignored/>
  </testcase> <!-- Submission02 -->
  <testcase classname="com.controller.ScriptExecution" name="Login4" time="0.0">
    <ignored/>
  </testcase> <!-- Login4 -->
  <testcase classname="com.controller.ScriptExecution" name="Login3" time="0.0">
    <ignored/>
  </testcase> <!-- Login3 -->
  <testcase classname="com.controller.ScriptExecution" name="CorpUserMangement06" time="0.0">
    <ignored/>
  </testcase> <!-- CorpUserMangement06 -->
  <testcase classname="com.controller.ScriptExecution" name="Login2" time="0.0">
    <ignored/>
  </testcase> <!-- Login2 -->
  <testcase classname="com.controller.ScriptExecution" name="Login1" time="0.0">
    <ignored/>
  </testcase> <!-- Login1 -->
  <testcase classname="com.controller.ScriptExecution" name="CorpProfile1" time="0.0">
    <ignored/>
  </testcase> <!-- CorpProfile1 -->
  <testcase classname="com.controller.ScriptExecution" name="Submission03" time="0.0">
    <ignored/>
  </testcase> <!-- Submission03 -->
  <testcase classname="com.controller.ScriptExecution" name="onboarding5" time="0.0">
    <ignored/>
  </testcase> <!-- onboarding5 -->
  <testcase classname="com.controller.ScriptExecution" name="onboarding4" time="0.0">
    <ignored/>
  </testcase> <!-- onboarding4 -->
  <testcase classname="com.controller.ScriptExecution" name="CorpProfile2" time="0.0">
    <ignored/>
  </testcase> <!-- CorpProfile2 -->
  <testcase classname="com.controller.ScriptExecution" name="onboarding3" time="0.0">
    <ignored/>
  </testcase> <!-- onboarding3 -->
  <testcase classname="com.controller.ScriptExecution" name="WSAdmin10" time="0.0">
    <ignored/>
  </testcase> <!-- WSAdmin10 -->
</testsuite> <!-- Default test -->
