<?xml version="1.0" encoding="UTF-8"?>
<!-- Generated by org.testng.reporters.JUnitXMLReporter -->
<testsuite ignored="0" hostname="DESKTOP-L268OE3" failures="1" tests="15" name="Test" time="148.025" errors="0" timestamp="30 Aug 2018 06:37:27 GMT">
  <testcase classname="com.controller.ScriptExecution" name="Scenario_005" time="5.819"/>
  <testcase classname="com.controller.ScriptExecution" name="Scenario_006" time="3.82"/>
  <testcase classname="com.controller.ScriptExecution" name="Scenario_008" time="5.451"/>
  <testcase classname="com.controller.ScriptExecution" name="Scenario_009" time="3.431"/>
  <testcase classname="com.controller.ScriptExecution" name="Scenario_010" time="3.376"/>
  <testcase classname="com.controller.ScriptExecution" name="Scenario_011" time="3.62"/>
  <testcase classname="com.controller.ScriptExecution" name="Scenario_022" time="11.587"/>
  <testcase classname="com.controller.ScriptExecution" name="Scenario_023" time="10.193"/>
  <testcase classname="com.controller.ScriptExecution" name="Scenario_028" time="45.144">
    <failure type="org.openqa.selenium.TimeoutException" message="Expected condition failed: waiting for visibility of Proxy element for: DefaultElementLocator &amp;apos;By.xpath: //mat-option[1]&amp;apos; (tried for 20 second(s) with 500 milliseconds interval)">
      <![CDATA[org.openqa.selenium.TimeoutException: Expected condition failed: waiting for visibility of Proxy element for: DefaultElementLocator 'By.xpath: //mat-option[1]' (tried for 20 second(s) with 500 milliseconds interval)
at org.openqa.selenium.support.ui.WebDriverWait.timeoutException(WebDriverWait.java:81)
at org.openqa.selenium.support.ui.FluentWait.until(FluentWait.java:271)
at com.controller.Action_Method.wait_for_elementpresent(Action_Method.java:198)
at com.objects_pages.Corporate_PostVideoJD_JobSummaryPage.Complete_JobSummaryPage(Corporate_PostVideoJD_JobSummaryPage.java:283)
at com.scenarios.Sc_028_Post_Video_JD.Verify_Post_Video_Jd(Sc_028_Post_Video_JD.java:38)
at com.controller.ScriptExecution.Scenario_028(ScriptExecution.java:124)
Caused by: org.openqa.selenium.NoSuchElementException: no such element: Unable to locate element: {"method":"xpath","selector":"//mat-option[1]"}
  (Session info: chrome=68.0.3440.106)
  (Driver info: chromedriver=2.40.565498 (ea082db3280dd6843ebfb08a625e3eb905c4f5ab),platform=Windows NT 10.0.17134 x86_64) (WARNING: The server did not provide any stacktrace information)
Command duration or timeout: 0 milliseconds
For documentation on this error, please visit: http://seleniumhq.org/exceptions/no_such_element.html
Build info: version: '3.13.0', revision: '2f0d292', time: '2018-06-25T15:24:21.231Z'
System info: host: 'DESKTOP-L268OE3', ip: '10.7.23.243', os.name: 'Windows 10', os.arch: 'amd64', os.version: '10.0', java.version: '10.0.2'
Driver info: org.openqa.selenium.chrome.ChromeDriver
Capabilities {acceptInsecureCerts: false, acceptSslCerts: false, applicationCacheEnabled: false, browserConnectionEnabled: false, browserName: chrome, chrome: {chromedriverVersion: 2.40.565498 (ea082db3280dd6..., userDataDir: C:\Users\DELL\AppData\Local...}, cssSelectorsEnabled: true, databaseEnabled: false, handlesAlerts: true, hasTouchScreen: false, javascriptEnabled: true, locationContextEnabled: true, mobileEmulationEnabled: false, nativeEvents: true, networkConnectionEnabled: false, pageLoadStrategy: normal, platform: XP, platformName: XP, rotatable: false, setWindowRect: true, takesHeapSnapshot: true, takesScreenshot: true, unexpectedAlertBehaviour: , unhandledPromptBehavior: , version: 68.0.3440.106, webStorageEnabled: true}
Session ID: 09e37ba1b4deb4fd113c6f228f4e42b4
*** Element info: {Using=xpath, value=//mat-option[1]}
at org.openqa.selenium.remote.ErrorHandler.createThrowable(ErrorHandler.java:214)
at org.openqa.selenium.remote.ErrorHandler.throwIfResponseFailed(ErrorHandler.java:166)
at org.openqa.selenium.remote.http.JsonHttpResponseCodec.reconstructValue(JsonHttpResponseCodec.java:40)
at org.openqa.selenium.remote.http.AbstractHttpResponseCodec.decode(AbstractHttpResponseCodec.java:80)
at org.openqa.selenium.remote.http.AbstractHttpResponseCodec.decode(AbstractHttpResponseCodec.java:44)
at org.openqa.selenium.remote.HttpCommandExecutor.execute(HttpCommandExecutor.java:158)
at org.openqa.selenium.remote.service.DriverCommandExecutor.execute(DriverCommandExecutor.java:83)
at org.openqa.selenium.remote.RemoteWebDriver.execute(RemoteWebDriver.java:548)
at org.openqa.selenium.remote.RemoteWebDriver.findElement(RemoteWebDriver.java:322)
at org.openqa.selenium.remote.RemoteWebDriver.findElementByXPath(RemoteWebDriver.java:424)
at org.openqa.selenium.By$ByXPath.findElement(By.java:353)
at org.openqa.selenium.remote.RemoteWebDriver.findElement(RemoteWebDriver.java:314)
at org.openqa.selenium.support.pagefactory.DefaultElementLocator.findElement(DefaultElementLocator.java:69)
at org.openqa.selenium.support.pagefactory.internal.LocatingElementHandler.invoke(LocatingElementHandler.java:38)
at com.sun.proxy.$Proxy10.isDisplayed(Unknown Source)
at org.openqa.selenium.support.ui.ExpectedConditions.elementIfVisible(ExpectedConditions.java:315)
at org.openqa.selenium.support.ui.ExpectedConditions.access$100(ExpectedConditions.java:44)
at org.openqa.selenium.support.ui.ExpectedConditions$10.apply(ExpectedConditions.java:301)
at org.openqa.selenium.support.ui.ExpectedConditions$10.apply(ExpectedConditions.java:298)
at org.openqa.selenium.support.ui.FluentWait.until(FluentWait.java:248)
... 33 more
... Removed 33 stack frames]]>
    </failure>
  </testcase> <!-- Scenario_028 -->
  <testcase classname="com.controller.ScriptExecution" name="Scenario_032" time="0.0">
    <skipped/>
  </testcase> <!-- Scenario_032 -->
  <testcase classname="com.controller.ScriptExecution" name="Scenario_068" time="0.0">
    <skipped/>
  </testcase> <!-- Scenario_068 -->
  <testcase classname="com.controller.ScriptExecution" name="Scenarion_087" time="0.0">
    <skipped/>
  </testcase> <!-- Scenarion_087 -->
  <testcase classname="com.controller.ScriptExecution" name="Scenario_101" time="0.001">
    <skipped/>
  </testcase> <!-- Scenario_101 -->
  <testcase classname="com.controller.ScriptExecution" name="Scenario_080" time="0.0">
    <skipped/>
  </testcase> <!-- Scenario_080 -->
  <testcase classname="com.controller.ScriptExecution" name="Scenario_036" time="0.0">
    <skipped/>
  </testcase> <!-- Scenario_036 -->
</testsuite> <!-- Test -->
