<?xml version="1.0" encoding="UTF-8"?>
<testng-results skipped="0" failed="0" ignored="0" total="8" passed="8">
  <reporter-output>
  </reporter-output>
  <suite name="Default suite" duration-ms="111820" started-at="2018-07-03T04:29:23Z" finished-at="2018-07-03T04:31:15Z">
    <groups>
    </groups>
    <test name="Default test" duration-ms="111820" started-at="2018-07-03T04:29:23Z" finished-at="2018-07-03T04:31:15Z">
      <class name="com.controller.ScriptExecution">
        <test-method status="PASS" signature="Launch_Browser()[pri:0, instance:com.controller.ScriptExecution@27c20538]" name="Launch_Browser" is-config="true" duration-ms="6569" started-at="2018-07-03T04:29:23Z" finished-at="2018-07-03T04:29:30Z">
          <reporter-output>
          </reporter-output>
        </test-method> <!-- Launch_Browser -->
        <test-method status="PASS" signature="Scenario_005()[pri:0, instance:com.controller.ScriptExecution@27c20538]" name="Scenario_005" duration-ms="6234" started-at="2018-07-03T04:29:30Z" finished-at="2018-07-03T04:29:36Z">
          <reporter-output>
          </reporter-output>
        </test-method> <!-- Scenario_005 -->
        <test-method status="PASS" signature="Close_Browser()[pri:0, instance:com.controller.ScriptExecution@27c20538]" name="Close_Browser" is-config="true" duration-ms="1877" started-at="2018-07-03T04:29:36Z" finished-at="2018-07-03T04:29:38Z">
          <reporter-output>
          </reporter-output>
        </test-method> <!-- Close_Browser -->
        <test-method status="PASS" signature="Launch_Browser()[pri:0, instance:com.controller.ScriptExecution@27c20538]" name="Launch_Browser" is-config="true" duration-ms="5475" started-at="2018-07-03T04:29:38Z" finished-at="2018-07-03T04:29:43Z">
          <reporter-output>
          </reporter-output>
        </test-method> <!-- Launch_Browser -->
        <test-method status="PASS" signature="Scenario_006()[pri:0, instance:com.controller.ScriptExecution@27c20538]" name="Scenario_006" duration-ms="5368" started-at="2018-07-03T04:29:43Z" finished-at="2018-07-03T04:29:49Z">
          <reporter-output>
          </reporter-output>
        </test-method> <!-- Scenario_006 -->
        <test-method status="PASS" signature="Close_Browser()[pri:0, instance:com.controller.ScriptExecution@27c20538]" name="Close_Browser" is-config="true" duration-ms="1781" started-at="2018-07-03T04:29:49Z" finished-at="2018-07-03T04:29:51Z">
          <reporter-output>
          </reporter-output>
        </test-method> <!-- Close_Browser -->
        <test-method status="PASS" signature="Launch_Browser()[pri:0, instance:com.controller.ScriptExecution@27c20538]" name="Launch_Browser" is-config="true" duration-ms="5802" started-at="2018-07-03T04:29:51Z" finished-at="2018-07-03T04:29:56Z">
          <reporter-output>
          </reporter-output>
        </test-method> <!-- Launch_Browser -->
        <test-method status="PASS" signature="Scenario_008()[pri:0, instance:com.controller.ScriptExecution@27c20538]" name="Scenario_008" duration-ms="4887" started-at="2018-07-03T04:29:56Z" finished-at="2018-07-03T04:30:01Z">
          <reporter-output>
          </reporter-output>
        </test-method> <!-- Scenario_008 -->
        <test-method status="PASS" signature="Close_Browser()[pri:0, instance:com.controller.ScriptExecution@27c20538]" name="Close_Browser" is-config="true" duration-ms="1657" started-at="2018-07-03T04:30:01Z" finished-at="2018-07-03T04:30:03Z">
          <reporter-output>
          </reporter-output>
        </test-method> <!-- Close_Browser -->
        <test-method status="PASS" signature="Launch_Browser()[pri:0, instance:com.controller.ScriptExecution@27c20538]" name="Launch_Browser" is-config="true" duration-ms="5402" started-at="2018-07-03T04:30:03Z" finished-at="2018-07-03T04:30:08Z">
          <reporter-output>
          </reporter-output>
        </test-method> <!-- Launch_Browser -->
        <test-method status="PASS" signature="Scenario_009()[pri:0, instance:com.controller.ScriptExecution@27c20538]" name="Scenario_009" duration-ms="3549" started-at="2018-07-03T04:30:08Z" finished-at="2018-07-03T04:30:12Z">
          <reporter-output>
          </reporter-output>
        </test-method> <!-- Scenario_009 -->
        <test-method status="PASS" signature="Close_Browser()[pri:0, instance:com.controller.ScriptExecution@27c20538]" name="Close_Browser" is-config="true" duration-ms="1845" started-at="2018-07-03T04:30:12Z" finished-at="2018-07-03T04:30:14Z">
          <reporter-output>
          </reporter-output>
        </test-method> <!-- Close_Browser -->
        <test-method status="PASS" signature="Launch_Browser()[pri:0, instance:com.controller.ScriptExecution@27c20538]" name="Launch_Browser" is-config="true" duration-ms="4439" started-at="2018-07-03T04:30:14Z" finished-at="2018-07-03T04:30:18Z">
          <reporter-output>
          </reporter-output>
        </test-method> <!-- Launch_Browser -->
        <test-method status="PASS" signature="Scenario_010()[pri:0, instance:com.controller.ScriptExecution@27c20538]" name="Scenario_010" duration-ms="6437" started-at="2018-07-03T04:30:18Z" finished-at="2018-07-03T04:30:25Z">
          <reporter-output>
          </reporter-output>
        </test-method> <!-- Scenario_010 -->
        <test-method status="PASS" signature="Close_Browser()[pri:0, instance:com.controller.ScriptExecution@27c20538]" name="Close_Browser" is-config="true" duration-ms="1785" started-at="2018-07-03T04:30:25Z" finished-at="2018-07-03T04:30:26Z">
          <reporter-output>
          </reporter-output>
        </test-method> <!-- Close_Browser -->
        <test-method status="PASS" signature="Launch_Browser()[pri:0, instance:com.controller.ScriptExecution@27c20538]" name="Launch_Browser" is-config="true" duration-ms="4433" started-at="2018-07-03T04:30:26Z" finished-at="2018-07-03T04:30:31Z">
          <reporter-output>
          </reporter-output>
        </test-method> <!-- Launch_Browser -->
        <test-method status="PASS" signature="Scenario_011()[pri:0, instance:com.controller.ScriptExecution@27c20538]" name="Scenario_011" duration-ms="5477" started-at="2018-07-03T04:30:31Z" finished-at="2018-07-03T04:30:36Z">
          <reporter-output>
          </reporter-output>
        </test-method> <!-- Scenario_011 -->
        <test-method status="PASS" signature="Close_Browser()[pri:0, instance:com.controller.ScriptExecution@27c20538]" name="Close_Browser" is-config="true" duration-ms="1708" started-at="2018-07-03T04:30:36Z" finished-at="2018-07-03T04:30:38Z">
          <reporter-output>
          </reporter-output>
        </test-method> <!-- Close_Browser -->
        <test-method status="PASS" signature="Launch_Browser()[pri:0, instance:com.controller.ScriptExecution@27c20538]" name="Launch_Browser" is-config="true" duration-ms="5543" started-at="2018-07-03T04:30:38Z" finished-at="2018-07-03T04:30:44Z">
          <reporter-output>
          </reporter-output>
        </test-method> <!-- Launch_Browser -->
        <test-method status="PASS" signature="Scenario_022()[pri:0, instance:com.controller.ScriptExecution@27c20538]" name="Scenario_022" duration-ms="5956" started-at="2018-07-03T04:30:44Z" finished-at="2018-07-03T04:30:49Z">
          <reporter-output>
          </reporter-output>
        </test-method> <!-- Scenario_022 -->
        <test-method status="PASS" signature="Close_Browser()[pri:0, instance:com.controller.ScriptExecution@27c20538]" name="Close_Browser" is-config="true" duration-ms="1825" started-at="2018-07-03T04:30:49Z" finished-at="2018-07-03T04:30:51Z">
          <reporter-output>
          </reporter-output>
        </test-method> <!-- Close_Browser -->
        <test-method status="PASS" signature="Launch_Browser()[pri:0, instance:com.controller.ScriptExecution@27c20538]" name="Launch_Browser" is-config="true" duration-ms="5135" started-at="2018-07-03T04:30:51Z" finished-at="2018-07-03T04:30:56Z">
          <reporter-output>
          </reporter-output>
        </test-method> <!-- Launch_Browser -->
        <test-method status="PASS" signature="Scenario_023()[pri:0, instance:com.controller.ScriptExecution@27c20538]" name="Scenario_023" duration-ms="16787" started-at="2018-07-03T04:30:56Z" finished-at="2018-07-03T04:31:13Z">
          <reporter-output>
          </reporter-output>
        </test-method> <!-- Scenario_023 -->
        <test-method status="PASS" signature="Close_Browser()[pri:0, instance:com.controller.ScriptExecution@27c20538]" name="Close_Browser" is-config="true" duration-ms="1675" started-at="2018-07-03T04:31:13Z" finished-at="2018-07-03T04:31:15Z">
          <reporter-output>
          </reporter-output>
        </test-method> <!-- Close_Browser -->
      </class> <!-- com.controller.ScriptExecution -->
    </test> <!-- Default test -->
  </suite> <!-- Default suite -->
</testng-results>
