<?xml version="1.0" encoding="UTF-8"?>
<testng-results ignored="0" total="15" passed="15" failed="0" skipped="0">
  <reporter-output>
  </reporter-output>
  <suite started-at="2018-08-31T06:22:19Z" name="Default suite" finished-at="2018-08-31T06:28:26Z" duration-ms="366756">
    <groups>
    </groups>
    <test started-at="2018-08-31T06:22:19Z" name="Default test" finished-at="2018-08-31T06:28:26Z" duration-ms="366756">
      <class name="com.controller.ScriptExecution">
        <test-method is-config="true" signature="Launch_Browser()[pri:0, instance:com.controller.ScriptExecution@1f97cf0d]" started-at="2018-08-31T06:22:20Z" name="Launch_Browser" finished-at="2018-08-31T06:22:25Z" duration-ms="5733" status="PASS">
          <reporter-output>
          </reporter-output>
        </test-method> <!-- Launch_Browser -->
        <test-method signature="Scenario_005()[pri:0, instance:com.controller.ScriptExecution@1f97cf0d]" started-at="2018-08-31T06:22:25Z" name="Scenario_005" finished-at="2018-08-31T06:22:30Z" duration-ms="4548" status="PASS">
          <reporter-output>
          </reporter-output>
        </test-method> <!-- Scenario_005 -->
        <test-method is-config="true" signature="Close_Browser()[pri:0, instance:com.controller.ScriptExecution@1f97cf0d]" started-at="2018-08-31T06:22:30Z" name="Close_Browser" finished-at="2018-08-31T06:22:33Z" duration-ms="2860" status="PASS">
          <reporter-output>
          </reporter-output>
        </test-method> <!-- Close_Browser -->
        <test-method is-config="true" signature="Launch_Browser()[pri:0, instance:com.controller.ScriptExecution@1f97cf0d]" started-at="2018-08-31T06:22:33Z" name="Launch_Browser" finished-at="2018-08-31T06:22:36Z" duration-ms="3232" status="PASS">
          <reporter-output>
          </reporter-output>
        </test-method> <!-- Launch_Browser -->
        <test-method signature="Scenario_006()[pri:0, instance:com.controller.ScriptExecution@1f97cf0d]" started-at="2018-08-31T06:22:36Z" name="Scenario_006" finished-at="2018-08-31T06:22:40Z" duration-ms="3951" status="PASS">
          <reporter-output>
          </reporter-output>
        </test-method> <!-- Scenario_006 -->
        <test-method is-config="true" signature="Close_Browser()[pri:0, instance:com.controller.ScriptExecution@1f97cf0d]" started-at="2018-08-31T06:22:40Z" name="Close_Browser" finished-at="2018-08-31T06:22:43Z" duration-ms="2824" status="PASS">
          <reporter-output>
          </reporter-output>
        </test-method> <!-- Close_Browser -->
        <test-method is-config="true" signature="Launch_Browser()[pri:0, instance:com.controller.ScriptExecution@1f97cf0d]" started-at="2018-08-31T06:22:43Z" name="Launch_Browser" finished-at="2018-08-31T06:22:46Z" duration-ms="3310" status="PASS">
          <reporter-output>
          </reporter-output>
        </test-method> <!-- Launch_Browser -->
        <test-method signature="Scenario_008()[pri:0, instance:com.controller.ScriptExecution@1f97cf0d]" started-at="2018-08-31T06:22:46Z" name="Scenario_008" finished-at="2018-08-31T06:22:52Z" duration-ms="6211" status="PASS">
          <reporter-output>
          </reporter-output>
        </test-method> <!-- Scenario_008 -->
        <test-method is-config="true" signature="Close_Browser()[pri:0, instance:com.controller.ScriptExecution@1f97cf0d]" started-at="2018-08-31T06:22:52Z" name="Close_Browser" finished-at="2018-08-31T06:22:55Z" duration-ms="2768" status="PASS">
          <reporter-output>
          </reporter-output>
        </test-method> <!-- Close_Browser -->
        <test-method is-config="true" signature="Launch_Browser()[pri:0, instance:com.controller.ScriptExecution@1f97cf0d]" started-at="2018-08-31T06:22:55Z" name="Launch_Browser" finished-at="2018-08-31T06:22:58Z" duration-ms="3218" status="PASS">
          <reporter-output>
          </reporter-output>
        </test-method> <!-- Launch_Browser -->
        <test-method signature="Scenario_009()[pri:0, instance:com.controller.ScriptExecution@1f97cf0d]" started-at="2018-08-31T06:22:58Z" name="Scenario_009" finished-at="2018-08-31T06:23:02Z" duration-ms="3774" status="PASS">
          <reporter-output>
          </reporter-output>
        </test-method> <!-- Scenario_009 -->
        <test-method is-config="true" signature="Close_Browser()[pri:0, instance:com.controller.ScriptExecution@1f97cf0d]" started-at="2018-08-31T06:23:02Z" name="Close_Browser" finished-at="2018-08-31T06:23:05Z" duration-ms="2902" status="PASS">
          <reporter-output>
          </reporter-output>
        </test-method> <!-- Close_Browser -->
        <test-method is-config="true" signature="Launch_Browser()[pri:0, instance:com.controller.ScriptExecution@1f97cf0d]" started-at="2018-08-31T06:23:05Z" name="Launch_Browser" finished-at="2018-08-31T06:23:08Z" duration-ms="3186" status="PASS">
          <reporter-output>
          </reporter-output>
        </test-method> <!-- Launch_Browser -->
        <test-method signature="Scenario_010()[pri:0, instance:com.controller.ScriptExecution@1f97cf0d]" started-at="2018-08-31T06:23:08Z" name="Scenario_010" finished-at="2018-08-31T06:23:12Z" duration-ms="3457" status="PASS">
          <reporter-output>
          </reporter-output>
        </test-method> <!-- Scenario_010 -->
        <test-method is-config="true" signature="Close_Browser()[pri:0, instance:com.controller.ScriptExecution@1f97cf0d]" started-at="2018-08-31T06:23:12Z" name="Close_Browser" finished-at="2018-08-31T06:23:14Z" duration-ms="2908" status="PASS">
          <reporter-output>
          </reporter-output>
        </test-method> <!-- Close_Browser -->
        <test-method is-config="true" signature="Launch_Browser()[pri:0, instance:com.controller.ScriptExecution@1f97cf0d]" started-at="2018-08-31T06:23:14Z" name="Launch_Browser" finished-at="2018-08-31T06:23:18Z" duration-ms="3445" status="PASS">
          <reporter-output>
          </reporter-output>
        </test-method> <!-- Launch_Browser -->
        <test-method signature="Scenario_011()[pri:0, instance:com.controller.ScriptExecution@1f97cf0d]" started-at="2018-08-31T06:23:18Z" name="Scenario_011" finished-at="2018-08-31T06:23:22Z" duration-ms="3641" status="PASS">
          <reporter-output>
          </reporter-output>
        </test-method> <!-- Scenario_011 -->
        <test-method is-config="true" signature="Close_Browser()[pri:0, instance:com.controller.ScriptExecution@1f97cf0d]" started-at="2018-08-31T06:23:22Z" name="Close_Browser" finished-at="2018-08-31T06:23:24Z" duration-ms="2815" status="PASS">
          <reporter-output>
          </reporter-output>
        </test-method> <!-- Close_Browser -->
        <test-method is-config="true" signature="Launch_Browser()[pri:0, instance:com.controller.ScriptExecution@1f97cf0d]" started-at="2018-08-31T06:23:24Z" name="Launch_Browser" finished-at="2018-08-31T06:23:28Z" duration-ms="3320" status="PASS">
          <reporter-output>
          </reporter-output>
        </test-method> <!-- Launch_Browser -->
        <test-method signature="Scenario_022()[pri:0, instance:com.controller.ScriptExecution@1f97cf0d]" started-at="2018-08-31T06:23:28Z" name="Scenario_022" finished-at="2018-08-31T06:23:36Z" duration-ms="8388" status="PASS">
          <reporter-output>
          </reporter-output>
        </test-method> <!-- Scenario_022 -->
        <test-method is-config="true" signature="Close_Browser()[pri:0, instance:com.controller.ScriptExecution@1f97cf0d]" started-at="2018-08-31T06:23:36Z" name="Close_Browser" finished-at="2018-08-31T06:23:39Z" duration-ms="2787" status="PASS">
          <reporter-output>
          </reporter-output>
        </test-method> <!-- Close_Browser -->
        <test-method is-config="true" signature="Launch_Browser()[pri:0, instance:com.controller.ScriptExecution@1f97cf0d]" started-at="2018-08-31T06:23:39Z" name="Launch_Browser" finished-at="2018-08-31T06:23:42Z" duration-ms="3339" status="PASS">
          <reporter-output>
          </reporter-output>
        </test-method> <!-- Launch_Browser -->
        <test-method signature="Scenario_023()[pri:0, instance:com.controller.ScriptExecution@1f97cf0d]" started-at="2018-08-31T06:23:42Z" name="Scenario_023" finished-at="2018-08-31T06:23:57Z" duration-ms="14361" status="PASS">
          <reporter-output>
          </reporter-output>
        </test-method> <!-- Scenario_023 -->
        <test-method is-config="true" signature="Close_Browser()[pri:0, instance:com.controller.ScriptExecution@1f97cf0d]" started-at="2018-08-31T06:23:57Z" name="Close_Browser" finished-at="2018-08-31T06:23:59Z" duration-ms="2748" status="PASS">
          <reporter-output>
          </reporter-output>
        </test-method> <!-- Close_Browser -->
        <test-method is-config="true" signature="Launch_Browser()[pri:0, instance:com.controller.ScriptExecution@1f97cf0d]" started-at="2018-08-31T06:23:59Z" name="Launch_Browser" finished-at="2018-08-31T06:24:03Z" duration-ms="3204" status="PASS">
          <reporter-output>
          </reporter-output>
        </test-method> <!-- Launch_Browser -->
        <test-method signature="Scenario_028()[pri:0, instance:com.controller.ScriptExecution@1f97cf0d]" started-at="2018-08-31T06:24:03Z" name="Scenario_028" finished-at="2018-08-31T06:26:17Z" duration-ms="134680" status="PASS">
          <reporter-output>
          </reporter-output>
        </test-method> <!-- Scenario_028 -->
        <test-method is-config="true" signature="Close_Browser()[pri:0, instance:com.controller.ScriptExecution@1f97cf0d]" started-at="2018-08-31T06:26:17Z" name="Close_Browser" finished-at="2018-08-31T06:26:20Z" duration-ms="3000" status="PASS">
          <reporter-output>
          </reporter-output>
        </test-method> <!-- Close_Browser -->
        <test-method is-config="true" signature="Launch_Browser()[pri:0, instance:com.controller.ScriptExecution@1f97cf0d]" started-at="2018-08-31T06:26:20Z" name="Launch_Browser" finished-at="2018-08-31T06:26:23Z" duration-ms="3255" status="PASS">
          <reporter-output>
          </reporter-output>
        </test-method> <!-- Launch_Browser -->
        <test-method signature="Scenario_032()[pri:0, instance:com.controller.ScriptExecution@1f97cf0d]" started-at="2018-08-31T06:26:23Z" name="Scenario_032" finished-at="2018-08-31T06:26:42Z" depends-on-methods="com.controller.ScriptExecution.Scenario_028" duration-ms="18319" status="PASS">
          <reporter-output>
          </reporter-output>
        </test-method> <!-- Scenario_032 -->
        <test-method is-config="true" signature="Close_Browser()[pri:0, instance:com.controller.ScriptExecution@1f97cf0d]" started-at="2018-08-31T06:26:42Z" name="Close_Browser" finished-at="2018-08-31T06:26:45Z" duration-ms="3000" status="PASS">
          <reporter-output>
          </reporter-output>
        </test-method> <!-- Close_Browser -->
        <test-method is-config="true" signature="Launch_Browser()[pri:0, instance:com.controller.ScriptExecution@1f97cf0d]" started-at="2018-08-31T06:26:45Z" name="Launch_Browser" finished-at="2018-08-31T06:26:48Z" duration-ms="3295" status="PASS">
          <reporter-output>
          </reporter-output>
        </test-method> <!-- Launch_Browser -->
        <test-method signature="Scenario_068()[pri:0, instance:com.controller.ScriptExecution@1f97cf0d]" started-at="2018-08-31T06:26:48Z" name="Scenario_068" finished-at="2018-08-31T06:27:11Z" depends-on-methods="com.controller.ScriptExecution.Scenario_032" duration-ms="22427" status="PASS">
          <reporter-output>
          </reporter-output>
        </test-method> <!-- Scenario_068 -->
        <test-method is-config="true" signature="Close_Browser()[pri:0, instance:com.controller.ScriptExecution@1f97cf0d]" started-at="2018-08-31T06:27:11Z" name="Close_Browser" finished-at="2018-08-31T06:27:13Z" duration-ms="2887" status="PASS">
          <reporter-output>
          </reporter-output>
        </test-method> <!-- Close_Browser -->
        <test-method is-config="true" signature="Launch_Browser()[pri:0, instance:com.controller.ScriptExecution@1f97cf0d]" started-at="2018-08-31T06:27:13Z" name="Launch_Browser" finished-at="2018-08-31T06:27:17Z" duration-ms="3275" status="PASS">
          <reporter-output>
          </reporter-output>
        </test-method> <!-- Launch_Browser -->
        <test-method signature="Scenarion_087()[pri:0, instance:com.controller.ScriptExecution@1f97cf0d]" started-at="2018-08-31T06:27:17Z" name="Scenarion_087" finished-at="2018-08-31T06:27:22Z" depends-on-methods="com.controller.ScriptExecution.Scenario_068" duration-ms="4937" status="PASS">
          <reporter-output>
          </reporter-output>
        </test-method> <!-- Scenarion_087 -->
        <test-method is-config="true" signature="Close_Browser()[pri:0, instance:com.controller.ScriptExecution@1f97cf0d]" started-at="2018-08-31T06:27:22Z" name="Close_Browser" finished-at="2018-08-31T06:27:24Z" duration-ms="2798" status="PASS">
          <reporter-output>
          </reporter-output>
        </test-method> <!-- Close_Browser -->
        <test-method is-config="true" signature="Launch_Browser()[pri:0, instance:com.controller.ScriptExecution@1f97cf0d]" started-at="2018-08-31T06:27:24Z" name="Launch_Browser" finished-at="2018-08-31T06:27:28Z" duration-ms="3270" status="PASS">
          <reporter-output>
          </reporter-output>
        </test-method> <!-- Launch_Browser -->
        <test-method signature="Scenario_101()[pri:0, instance:com.controller.ScriptExecution@1f97cf0d]" started-at="2018-08-31T06:27:28Z" name="Scenario_101" finished-at="2018-08-31T06:27:39Z" depends-on-methods="com.controller.ScriptExecution.Scenarion_087" duration-ms="11263" status="PASS">
          <reporter-output>
          </reporter-output>
        </test-method> <!-- Scenario_101 -->
        <test-method is-config="true" signature="Close_Browser()[pri:0, instance:com.controller.ScriptExecution@1f97cf0d]" started-at="2018-08-31T06:27:39Z" name="Close_Browser" finished-at="2018-08-31T06:27:42Z" duration-ms="2894" status="PASS">
          <reporter-output>
          </reporter-output>
        </test-method> <!-- Close_Browser -->
        <test-method is-config="true" signature="Launch_Browser()[pri:0, instance:com.controller.ScriptExecution@1f97cf0d]" started-at="2018-08-31T06:27:42Z" name="Launch_Browser" finished-at="2018-08-31T06:27:45Z" duration-ms="3393" status="PASS">
          <reporter-output>
          </reporter-output>
        </test-method> <!-- Launch_Browser -->
        <test-method signature="Scenario_080()[pri:0, instance:com.controller.ScriptExecution@1f97cf0d]" started-at="2018-08-31T06:27:45Z" name="Scenario_080" finished-at="2018-08-31T06:28:07Z" depends-on-methods="com.controller.ScriptExecution.Scenario_101" duration-ms="21903" status="PASS">
          <reporter-output>
          </reporter-output>
        </test-method> <!-- Scenario_080 -->
        <test-method is-config="true" signature="Close_Browser()[pri:0, instance:com.controller.ScriptExecution@1f97cf0d]" started-at="2018-08-31T06:28:07Z" name="Close_Browser" finished-at="2018-08-31T06:28:10Z" duration-ms="2868" status="PASS">
          <reporter-output>
          </reporter-output>
        </test-method> <!-- Close_Browser -->
        <test-method is-config="true" signature="Launch_Browser()[pri:0, instance:com.controller.ScriptExecution@1f97cf0d]" started-at="2018-08-31T06:28:10Z" name="Launch_Browser" finished-at="2018-08-31T06:28:13Z" duration-ms="3249" status="PASS">
          <reporter-output>
          </reporter-output>
        </test-method> <!-- Launch_Browser -->
        <test-method signature="Scenario_036()[pri:0, instance:com.controller.ScriptExecution@1f97cf0d]" started-at="2018-08-31T06:28:13Z" name="Scenario_036" finished-at="2018-08-31T06:28:23Z" depends-on-methods="com.controller.ScriptExecution.Scenario_080" duration-ms="9776" status="PASS">
          <reporter-output>
          </reporter-output>
        </test-method> <!-- Scenario_036 -->
        <test-method is-config="true" signature="Close_Browser()[pri:0, instance:com.controller.ScriptExecution@1f97cf0d]" started-at="2018-08-31T06:28:23Z" name="Close_Browser" finished-at="2018-08-31T06:28:26Z" duration-ms="2826" status="PASS">
          <reporter-output>
          </reporter-output>
        </test-method> <!-- Close_Browser -->
      </class> <!-- com.controller.ScriptExecution -->
    </test> <!-- Default test -->
  </suite> <!-- Default suite -->
</testng-results>
