<?xml version="1.0" encoding="UTF-8"?>
<testng-results ignored="0" total="46" passed="30" failed="14" skipped="2">
  <reporter-output>
  </reporter-output>
  <suite started-at="2018-12-19T07:25:47Z" name="WS Suite" finished-at="2018-12-19T07:49:12Z" duration-ms="1404654">
    <groups>
    </groups>
    <test started-at="2018-12-19T07:25:47Z" name="Normal Scripts" finished-at="2018-12-19T07:49:12Z" duration-ms="1404654">
      <class name="com.controller.ScriptExecution">
        <test-method is-config="true" signature="Launch_Browser()[pri:0, instance:com.controller.ScriptExecution@6a03bcb1]" started-at="2018-12-19T07:25:48Z" name="Launch_Browser" finished-at="2018-12-19T07:25:53Z" duration-ms="5647" status="PASS">
          <reporter-output>
          </reporter-output>
        </test-method> <!-- Launch_Browser -->
        <test-method signature="CorpProfile1()[pri:0, instance:com.controller.ScriptExecution@6a03bcb1]" started-at="2018-12-19T07:25:53Z" name="CorpProfile1" finished-at="2018-12-19T07:26:22Z" duration-ms="28430" status="FAIL">
          <exception class="org.openqa.selenium.WebDriverException">
            <message>
              <![CDATA[unknown error: Element <input _ngcontent-c24="" aria-autocomplete="list" autocomplete="off" class="mat-input-element mat-form-field-autofill-control ng-untouched ng-pristine ng-invalid" matinput="" role="combobox" ng-reflect-required="true" ng-reflect-pattern="/(.|\s) *\S(.|\s)*/" ng-reflect-autocomplete="[object Object]" ng-reflect-name="solutionType" ng-reflect-is-disabled="false" type="text" ng-reflect-disabled="false" ng-reflect-id="solutionType" ng-reflect-placeholder="Type" ng-reflect-event-object="[object Object]" min="undefined" max="undefined" required="" pattern="/(.|\s) *\S(.|\s)*/" aria-expanded="false" aria-owns="mat-autocomplete-0" id="solutionType" placeholder="Type" aria-invalid="false" aria-required="true"> is not clickable at point (259, 435). Other element would receive the click: <div _ngcontent-c72="" class="mat-dialog-actions ng-star-inserted" mat-dialog-actions="" style="">...</div>
  (Session info: chrome=70.0.3538.110)
  (Driver info: chromedriver=2.40.565498 (ea082db3280dd6843ebfb08a625e3eb905c4f5ab),platform=Windows NT 10.0.17134 x86_64) (WARNING: The server did not provide any stacktrace information)
Command duration or timeout: 0 milliseconds
Build info: version: '3.13.0', revision: '2f0d292', time: '2018-06-25T15:24:21.231Z'
System info: host: 'DESKTOP-L268OE3', ip: '10.7.22.183', os.name: 'Windows 10', os.arch: 'amd64', os.version: '10.0', java.version: '10.0.2'
Driver info: org.openqa.selenium.chrome.ChromeDriver
Capabilities {acceptInsecureCerts: false, acceptSslCerts: false, applicationCacheEnabled: false, browserConnectionEnabled: false, browserName: chrome, chrome: {chromedriverVersion: 2.40.565498 (ea082db3280dd6..., userDataDir: C:\WINDOWS\TEMP\scoped_dir6...}, cssSelectorsEnabled: true, databaseEnabled: false, handlesAlerts: true, hasTouchScreen: false, javascriptEnabled: true, locationContextEnabled: true, mobileEmulationEnabled: false, nativeEvents: true, networkConnectionEnabled: false, pageLoadStrategy: normal, platform: XP, platformName: XP, rotatable: false, setWindowRect: true, takesHeapSnapshot: true, takesScreenshot: true, unexpectedAlertBehaviour: , unhandledPromptBehavior: , version: 70.0.3538.110, webStorageEnabled: true}
Session ID: 1674f894a98ee7c6aaa2800e29546eb7]]>
            </message>
            <full-stacktrace>
              <![CDATA[org.openqa.selenium.WebDriverException: unknown error: Element <input _ngcontent-c24="" aria-autocomplete="list" autocomplete="off" class="mat-input-element mat-form-field-autofill-control ng-untouched ng-pristine ng-invalid" matinput="" role="combobox" ng-reflect-required="true" ng-reflect-pattern="/(.|\s) *\S(.|\s)*/" ng-reflect-autocomplete="[object Object]" ng-reflect-name="solutionType" ng-reflect-is-disabled="false" type="text" ng-reflect-disabled="false" ng-reflect-id="solutionType" ng-reflect-placeholder="Type" ng-reflect-event-object="[object Object]" min="undefined" max="undefined" required="" pattern="/(.|\s) *\S(.|\s)*/" aria-expanded="false" aria-owns="mat-autocomplete-0" id="solutionType" placeholder="Type" aria-invalid="false" aria-required="true"> is not clickable at point (259, 435). Other element would receive the click: <div _ngcontent-c72="" class="mat-dialog-actions ng-star-inserted" mat-dialog-actions="" style="">...</div>
  (Session info: chrome=70.0.3538.110)
  (Driver info: chromedriver=2.40.565498 (ea082db3280dd6843ebfb08a625e3eb905c4f5ab),platform=Windows NT 10.0.17134 x86_64) (WARNING: The server did not provide any stacktrace information)
Command duration or timeout: 0 milliseconds
Build info: version: '3.13.0', revision: '2f0d292', time: '2018-06-25T15:24:21.231Z'
System info: host: 'DESKTOP-L268OE3', ip: '10.7.22.183', os.name: 'Windows 10', os.arch: 'amd64', os.version: '10.0', java.version: '10.0.2'
Driver info: org.openqa.selenium.chrome.ChromeDriver
Capabilities {acceptInsecureCerts: false, acceptSslCerts: false, applicationCacheEnabled: false, browserConnectionEnabled: false, browserName: chrome, chrome: {chromedriverVersion: 2.40.565498 (ea082db3280dd6..., userDataDir: C:\WINDOWS\TEMP\scoped_dir6...}, cssSelectorsEnabled: true, databaseEnabled: false, handlesAlerts: true, hasTouchScreen: false, javascriptEnabled: true, locationContextEnabled: true, mobileEmulationEnabled: false, nativeEvents: true, networkConnectionEnabled: false, pageLoadStrategy: normal, platform: XP, platformName: XP, rotatable: false, setWindowRect: true, takesHeapSnapshot: true, takesScreenshot: true, unexpectedAlertBehaviour: , unhandledPromptBehavior: , version: 70.0.3538.110, webStorageEnabled: true}
Session ID: 1674f894a98ee7c6aaa2800e29546eb7
at java.base/jdk.internal.reflect.NativeConstructorAccessorImpl.newInstance0(Native Method)
at java.base/jdk.internal.reflect.NativeConstructorAccessorImpl.newInstance(Unknown Source)
at java.base/jdk.internal.reflect.DelegatingConstructorAccessorImpl.newInstance(Unknown Source)
at java.base/java.lang.reflect.Constructor.newInstance(Unknown Source)
at org.openqa.selenium.remote.ErrorHandler.createThrowable(ErrorHandler.java:214)
at org.openqa.selenium.remote.ErrorHandler.throwIfResponseFailed(ErrorHandler.java:166)
at org.openqa.selenium.remote.http.JsonHttpResponseCodec.reconstructValue(JsonHttpResponseCodec.java:40)
at org.openqa.selenium.remote.http.AbstractHttpResponseCodec.decode(AbstractHttpResponseCodec.java:80)
at org.openqa.selenium.remote.http.AbstractHttpResponseCodec.decode(AbstractHttpResponseCodec.java:44)
at org.openqa.selenium.remote.HttpCommandExecutor.execute(HttpCommandExecutor.java:158)
at org.openqa.selenium.remote.service.DriverCommandExecutor.execute(DriverCommandExecutor.java:83)
at org.openqa.selenium.remote.RemoteWebDriver.execute(RemoteWebDriver.java:548)
at org.openqa.selenium.remote.RemoteWebElement.execute(RemoteWebElement.java:276)
at org.openqa.selenium.remote.RemoteWebElement.click(RemoteWebElement.java:83)
at java.base/jdk.internal.reflect.NativeMethodAccessorImpl.invoke0(Native Method)
at java.base/jdk.internal.reflect.NativeMethodAccessorImpl.invoke(Unknown Source)
at java.base/jdk.internal.reflect.DelegatingMethodAccessorImpl.invoke(Unknown Source)
at java.base/java.lang.reflect.Method.invoke(Unknown Source)
at org.openqa.selenium.support.pagefactory.internal.LocatingElementHandler.invoke(LocatingElementHandler.java:51)
at com.sun.proxy.$Proxy10.click(Unknown Source)
at com.objects_pages.Corporate_Profile_OfficeLocations_Page.deleteSolutionandAddNew(Corporate_Profile_OfficeLocations_Page.java:135)
at com.scenarios.TC_016_Create_Save_Corporate_Profile.VerifyEditandSaveCorporateCompanyProfilePage(TC_016_Create_Save_Corporate_Profile.java:79)
at com.controller.ScriptExecution.CorpProfile1(ScriptExecution.java:88)
at java.base/jdk.internal.reflect.NativeMethodAccessorImpl.invoke0(Native Method)
at java.base/jdk.internal.reflect.NativeMethodAccessorImpl.invoke(Unknown Source)
at java.base/jdk.internal.reflect.DelegatingMethodAccessorImpl.invoke(Unknown Source)
at java.base/java.lang.reflect.Method.invoke(Unknown Source)
at org.testng.internal.MethodInvocationHelper.invokeMethod(MethodInvocationHelper.java:124)
at org.testng.internal.Invoker.invokeMethod(Invoker.java:580)
at org.testng.internal.Invoker.invokeTestMethod(Invoker.java:716)
at org.testng.internal.Invoker.invokeTestMethods(Invoker.java:988)
at org.testng.internal.TestMethodWorker.invokeTestMethods(TestMethodWorker.java:125)
at org.testng.internal.TestMethodWorker.run(TestMethodWorker.java:109)
at java.base/java.util.concurrent.ThreadPoolExecutor.runWorker(Unknown Source)
at java.base/java.util.concurrent.ThreadPoolExecutor$Worker.run(Unknown Source)
at java.base/java.lang.Thread.run(Unknown Source)
]]>
            </full-stacktrace>
          </exception> <!-- org.openqa.selenium.WebDriverException -->
          <reporter-output>
          </reporter-output>
        </test-method> <!-- CorpProfile1 -->
        <test-method is-config="true" signature="Close_Browser()[pri:0, instance:com.controller.ScriptExecution@6a03bcb1]" started-at="2018-12-19T07:26:22Z" name="Close_Browser" finished-at="2018-12-19T07:26:25Z" duration-ms="2717" status="PASS">
          <reporter-output>
          </reporter-output>
        </test-method> <!-- Close_Browser -->
        <test-method is-config="true" signature="Launch_Browser()[pri:0, instance:com.controller.ScriptExecution@6a03bcb1]" started-at="2018-12-19T07:26:25Z" name="Launch_Browser" finished-at="2018-12-19T07:26:28Z" duration-ms="3419" status="PASS">
          <reporter-output>
          </reporter-output>
        </test-method> <!-- Launch_Browser -->
        <test-method signature="CorpProfile2()[pri:0, instance:com.controller.ScriptExecution@6a03bcb1]" started-at="2018-12-19T07:26:28Z" name="CorpProfile2" finished-at="2018-12-19T07:26:39Z" duration-ms="10270" status="PASS">
          <reporter-output>
          </reporter-output>
        </test-method> <!-- CorpProfile2 -->
        <test-method is-config="true" signature="Close_Browser()[pri:0, instance:com.controller.ScriptExecution@6a03bcb1]" started-at="2018-12-19T07:26:39Z" name="Close_Browser" finished-at="2018-12-19T07:26:42Z" duration-ms="2900" status="PASS">
          <reporter-output>
          </reporter-output>
        </test-method> <!-- Close_Browser -->
        <test-method is-config="true" signature="Launch_Browser()[pri:0, instance:com.controller.ScriptExecution@6a03bcb1]" started-at="2018-12-19T07:26:42Z" name="Launch_Browser" finished-at="2018-12-19T07:26:45Z" duration-ms="3281" status="PASS">
          <reporter-output>
          </reporter-output>
        </test-method> <!-- Launch_Browser -->
        <test-method signature="CorpUserMangement01()[pri:0, instance:com.controller.ScriptExecution@6a03bcb1]" started-at="2018-12-19T07:26:45Z" name="CorpUserMangement01" finished-at="2018-12-19T07:26:51Z" duration-ms="6125" status="PASS">
          <reporter-output>
          </reporter-output>
        </test-method> <!-- CorpUserMangement01 -->
        <test-method is-config="true" signature="Close_Browser()[pri:0, instance:com.controller.ScriptExecution@6a03bcb1]" started-at="2018-12-19T07:26:51Z" name="Close_Browser" finished-at="2018-12-19T07:26:54Z" duration-ms="2708" status="PASS">
          <reporter-output>
          </reporter-output>
        </test-method> <!-- Close_Browser -->
        <test-method is-config="true" signature="Launch_Browser()[pri:0, instance:com.controller.ScriptExecution@6a03bcb1]" started-at="2018-12-19T07:26:54Z" name="Launch_Browser" finished-at="2018-12-19T07:26:57Z" duration-ms="3423" status="PASS">
          <reporter-output>
          </reporter-output>
        </test-method> <!-- Launch_Browser -->
        <test-method signature="CorpUserMangement02()[pri:0, instance:com.controller.ScriptExecution@6a03bcb1]" started-at="2018-12-19T07:26:57Z" name="CorpUserMangement02" finished-at="2018-12-19T07:27:05Z" duration-ms="7357" status="PASS">
          <reporter-output>
          </reporter-output>
        </test-method> <!-- CorpUserMangement02 -->
        <test-method is-config="true" signature="Close_Browser()[pri:0, instance:com.controller.ScriptExecution@6a03bcb1]" started-at="2018-12-19T07:27:05Z" name="Close_Browser" finished-at="2018-12-19T07:27:07Z" duration-ms="2689" status="PASS">
          <reporter-output>
          </reporter-output>
        </test-method> <!-- Close_Browser -->
        <test-method is-config="true" signature="Launch_Browser()[pri:0, instance:com.controller.ScriptExecution@6a03bcb1]" started-at="2018-12-19T07:27:07Z" name="Launch_Browser" finished-at="2018-12-19T07:27:11Z" duration-ms="3548" status="PASS">
          <reporter-output>
          </reporter-output>
        </test-method> <!-- Launch_Browser -->
        <test-method signature="CorpUserMangement03()[pri:0, instance:com.controller.ScriptExecution@6a03bcb1]" started-at="2018-12-19T07:27:11Z" name="CorpUserMangement03" finished-at="2018-12-19T07:27:18Z" duration-ms="7417" status="PASS">
          <reporter-output>
          </reporter-output>
        </test-method> <!-- CorpUserMangement03 -->
        <test-method is-config="true" signature="Close_Browser()[pri:0, instance:com.controller.ScriptExecution@6a03bcb1]" started-at="2018-12-19T07:27:18Z" name="Close_Browser" finished-at="2018-12-19T07:27:21Z" duration-ms="2847" status="PASS">
          <reporter-output>
          </reporter-output>
        </test-method> <!-- Close_Browser -->
        <test-method is-config="true" signature="Launch_Browser()[pri:0, instance:com.controller.ScriptExecution@6a03bcb1]" started-at="2018-12-19T07:27:21Z" name="Launch_Browser" finished-at="2018-12-19T07:27:24Z" duration-ms="3222" status="PASS">
          <reporter-output>
          </reporter-output>
        </test-method> <!-- Launch_Browser -->
        <test-method signature="CorpUserMangement04()[pri:0, instance:com.controller.ScriptExecution@6a03bcb1]" started-at="2018-12-19T07:27:24Z" name="CorpUserMangement04" finished-at="2018-12-19T07:27:32Z" duration-ms="7587" status="PASS">
          <reporter-output>
          </reporter-output>
        </test-method> <!-- CorpUserMangement04 -->
        <test-method is-config="true" signature="Close_Browser()[pri:0, instance:com.controller.ScriptExecution@6a03bcb1]" started-at="2018-12-19T07:27:32Z" name="Close_Browser" finished-at="2018-12-19T07:27:35Z" duration-ms="2743" status="PASS">
          <reporter-output>
          </reporter-output>
        </test-method> <!-- Close_Browser -->
        <test-method is-config="true" signature="Launch_Browser()[pri:0, instance:com.controller.ScriptExecution@6a03bcb1]" started-at="2018-12-19T07:27:35Z" name="Launch_Browser" finished-at="2018-12-19T07:27:38Z" duration-ms="3351" status="PASS">
          <reporter-output>
          </reporter-output>
        </test-method> <!-- Launch_Browser -->
        <test-method signature="CorpUserMangement05()[pri:0, instance:com.controller.ScriptExecution@6a03bcb1]" started-at="2018-12-19T07:27:38Z" name="CorpUserMangement05" finished-at="2018-12-19T07:27:45Z" duration-ms="6698" status="PASS">
          <reporter-output>
          </reporter-output>
        </test-method> <!-- CorpUserMangement05 -->
        <test-method is-config="true" signature="Close_Browser()[pri:0, instance:com.controller.ScriptExecution@6a03bcb1]" started-at="2018-12-19T07:27:45Z" name="Close_Browser" finished-at="2018-12-19T07:27:47Z" duration-ms="2694" status="PASS">
          <reporter-output>
          </reporter-output>
        </test-method> <!-- Close_Browser -->
        <test-method is-config="true" signature="Launch_Browser()[pri:0, instance:com.controller.ScriptExecution@6a03bcb1]" started-at="2018-12-19T07:27:47Z" name="Launch_Browser" finished-at="2018-12-19T07:27:51Z" duration-ms="3416" status="PASS">
          <reporter-output>
          </reporter-output>
        </test-method> <!-- Launch_Browser -->
        <test-method signature="CorpUserMangement06()[pri:0, instance:com.controller.ScriptExecution@6a03bcb1]" started-at="2018-12-19T07:27:51Z" name="CorpUserMangement06" finished-at="2018-12-19T07:27:57Z" duration-ms="6704" status="PASS">
          <reporter-output>
          </reporter-output>
        </test-method> <!-- CorpUserMangement06 -->
        <test-method is-config="true" signature="Close_Browser()[pri:0, instance:com.controller.ScriptExecution@6a03bcb1]" started-at="2018-12-19T07:27:57Z" name="Close_Browser" finished-at="2018-12-19T07:28:00Z" duration-ms="2734" status="PASS">
          <reporter-output>
          </reporter-output>
        </test-method> <!-- Close_Browser -->
        <test-method is-config="true" signature="Launch_Browser()[pri:0, instance:com.controller.ScriptExecution@6a03bcb1]" started-at="2018-12-19T07:28:00Z" name="Launch_Browser" finished-at="2018-12-19T07:28:04Z" duration-ms="3368" status="PASS">
          <reporter-output>
          </reporter-output>
        </test-method> <!-- Launch_Browser -->
        <test-method signature="CorpUserMangement07()[pri:0, instance:com.controller.ScriptExecution@6a03bcb1]" started-at="2018-12-19T07:28:04Z" name="CorpUserMangement07" finished-at="2018-12-19T07:28:12Z" duration-ms="8865" status="PASS">
          <reporter-output>
          </reporter-output>
        </test-method> <!-- CorpUserMangement07 -->
        <test-method is-config="true" signature="Close_Browser()[pri:0, instance:com.controller.ScriptExecution@6a03bcb1]" started-at="2018-12-19T07:28:12Z" name="Close_Browser" finished-at="2018-12-19T07:28:15Z" duration-ms="2686" status="PASS">
          <reporter-output>
          </reporter-output>
        </test-method> <!-- Close_Browser -->
        <test-method is-config="true" signature="Launch_Browser()[pri:0, instance:com.controller.ScriptExecution@6a03bcb1]" started-at="2018-12-19T07:28:15Z" name="Launch_Browser" finished-at="2018-12-19T07:28:18Z" duration-ms="3261" status="PASS">
          <reporter-output>
          </reporter-output>
        </test-method> <!-- Launch_Browser -->
        <test-method signature="CorpUserMangement08()[pri:0, instance:com.controller.ScriptExecution@6a03bcb1]" started-at="2018-12-19T07:28:18Z" name="CorpUserMangement08" finished-at="2018-12-19T07:28:24Z" duration-ms="6030" status="FAIL">
          <exception class="org.openqa.selenium.WebDriverException">
            <message>
              <![CDATA[unknown error: Element <mat-icon _ngcontent-c56="" aria-label="Add User" class="mat-icon material-icons" role="img" aria-hidden="true">...</mat-icon> is not clickable at point (944, 659). Other element would receive the click: <i _ngcontent-c60="" class="material-icons">...</i>
  (Session info: chrome=70.0.3538.110)
  (Driver info: chromedriver=2.40.565498 (ea082db3280dd6843ebfb08a625e3eb905c4f5ab),platform=Windows NT 10.0.17134 x86_64) (WARNING: The server did not provide any stacktrace information)
Command duration or timeout: 0 milliseconds
Build info: version: '3.13.0', revision: '2f0d292', time: '2018-06-25T15:24:21.231Z'
System info: host: 'DESKTOP-L268OE3', ip: '10.7.22.183', os.name: 'Windows 10', os.arch: 'amd64', os.version: '10.0', java.version: '10.0.2'
Driver info: org.openqa.selenium.chrome.ChromeDriver
Capabilities {acceptInsecureCerts: false, acceptSslCerts: false, applicationCacheEnabled: false, browserConnectionEnabled: false, browserName: chrome, chrome: {chromedriverVersion: 2.40.565498 (ea082db3280dd6..., userDataDir: C:\WINDOWS\TEMP\scoped_dir9...}, cssSelectorsEnabled: true, databaseEnabled: false, handlesAlerts: true, hasTouchScreen: false, javascriptEnabled: true, locationContextEnabled: true, mobileEmulationEnabled: false, nativeEvents: true, networkConnectionEnabled: false, pageLoadStrategy: normal, platform: XP, platformName: XP, rotatable: false, setWindowRect: true, takesHeapSnapshot: true, takesScreenshot: true, unexpectedAlertBehaviour: , unhandledPromptBehavior: , version: 70.0.3538.110, webStorageEnabled: true}
Session ID: 41eef7bb5a6f91f0087391a72ffed2e4]]>
            </message>
            <full-stacktrace>
              <![CDATA[org.openqa.selenium.WebDriverException: unknown error: Element <mat-icon _ngcontent-c56="" aria-label="Add User" class="mat-icon material-icons" role="img" aria-hidden="true">...</mat-icon> is not clickable at point (944, 659). Other element would receive the click: <i _ngcontent-c60="" class="material-icons">...</i>
  (Session info: chrome=70.0.3538.110)
  (Driver info: chromedriver=2.40.565498 (ea082db3280dd6843ebfb08a625e3eb905c4f5ab),platform=Windows NT 10.0.17134 x86_64) (WARNING: The server did not provide any stacktrace information)
Command duration or timeout: 0 milliseconds
Build info: version: '3.13.0', revision: '2f0d292', time: '2018-06-25T15:24:21.231Z'
System info: host: 'DESKTOP-L268OE3', ip: '10.7.22.183', os.name: 'Windows 10', os.arch: 'amd64', os.version: '10.0', java.version: '10.0.2'
Driver info: org.openqa.selenium.chrome.ChromeDriver
Capabilities {acceptInsecureCerts: false, acceptSslCerts: false, applicationCacheEnabled: false, browserConnectionEnabled: false, browserName: chrome, chrome: {chromedriverVersion: 2.40.565498 (ea082db3280dd6..., userDataDir: C:\WINDOWS\TEMP\scoped_dir9...}, cssSelectorsEnabled: true, databaseEnabled: false, handlesAlerts: true, hasTouchScreen: false, javascriptEnabled: true, locationContextEnabled: true, mobileEmulationEnabled: false, nativeEvents: true, networkConnectionEnabled: false, pageLoadStrategy: normal, platform: XP, platformName: XP, rotatable: false, setWindowRect: true, takesHeapSnapshot: true, takesScreenshot: true, unexpectedAlertBehaviour: , unhandledPromptBehavior: , version: 70.0.3538.110, webStorageEnabled: true}
Session ID: 41eef7bb5a6f91f0087391a72ffed2e4
at java.base/jdk.internal.reflect.NativeConstructorAccessorImpl.newInstance0(Native Method)
at java.base/jdk.internal.reflect.NativeConstructorAccessorImpl.newInstance(Unknown Source)
at java.base/jdk.internal.reflect.DelegatingConstructorAccessorImpl.newInstance(Unknown Source)
at java.base/java.lang.reflect.Constructor.newInstance(Unknown Source)
at org.openqa.selenium.remote.ErrorHandler.createThrowable(ErrorHandler.java:214)
at org.openqa.selenium.remote.ErrorHandler.throwIfResponseFailed(ErrorHandler.java:166)
at org.openqa.selenium.remote.http.JsonHttpResponseCodec.reconstructValue(JsonHttpResponseCodec.java:40)
at org.openqa.selenium.remote.http.AbstractHttpResponseCodec.decode(AbstractHttpResponseCodec.java:80)
at org.openqa.selenium.remote.http.AbstractHttpResponseCodec.decode(AbstractHttpResponseCodec.java:44)
at org.openqa.selenium.remote.HttpCommandExecutor.execute(HttpCommandExecutor.java:158)
at org.openqa.selenium.remote.service.DriverCommandExecutor.execute(DriverCommandExecutor.java:83)
at org.openqa.selenium.remote.RemoteWebDriver.execute(RemoteWebDriver.java:548)
at org.openqa.selenium.remote.RemoteWebElement.execute(RemoteWebElement.java:276)
at org.openqa.selenium.remote.RemoteWebElement.click(RemoteWebElement.java:83)
at jdk.internal.reflect.GeneratedMethodAccessor1.invoke(Unknown Source)
at java.base/jdk.internal.reflect.DelegatingMethodAccessorImpl.invoke(Unknown Source)
at java.base/java.lang.reflect.Method.invoke(Unknown Source)
at org.openqa.selenium.support.pagefactory.internal.LocatingElementHandler.invoke(LocatingElementHandler.java:51)
at com.sun.proxy.$Proxy10.click(Unknown Source)
at com.objects_pages.CorporateAdmin_UserManagement_Page.clickonAddButton(CorporateAdmin_UserManagement_Page.java:166)
at com.scenarios.CorpAdm_User_TC012_ValidateAddUserPageErrors.validateAddUserPageErrors(CorpAdm_User_TC012_ValidateAddUserPageErrors.java:80)
at com.controller.ScriptExecution.CorpUserMangement08(ScriptExecution.java:183)
at java.base/jdk.internal.reflect.NativeMethodAccessorImpl.invoke0(Native Method)
at java.base/jdk.internal.reflect.NativeMethodAccessorImpl.invoke(Unknown Source)
at java.base/jdk.internal.reflect.DelegatingMethodAccessorImpl.invoke(Unknown Source)
at java.base/java.lang.reflect.Method.invoke(Unknown Source)
at org.testng.internal.MethodInvocationHelper.invokeMethod(MethodInvocationHelper.java:124)
at org.testng.internal.Invoker.invokeMethod(Invoker.java:580)
at org.testng.internal.Invoker.invokeTestMethod(Invoker.java:716)
at org.testng.internal.Invoker.invokeTestMethods(Invoker.java:988)
at org.testng.internal.TestMethodWorker.invokeTestMethods(TestMethodWorker.java:125)
at org.testng.internal.TestMethodWorker.run(TestMethodWorker.java:109)
at java.base/java.util.concurrent.ThreadPoolExecutor.runWorker(Unknown Source)
at java.base/java.util.concurrent.ThreadPoolExecutor$Worker.run(Unknown Source)
at java.base/java.lang.Thread.run(Unknown Source)
]]>
            </full-stacktrace>
          </exception> <!-- org.openqa.selenium.WebDriverException -->
          <reporter-output>
          </reporter-output>
        </test-method> <!-- CorpUserMangement08 -->
        <test-method is-config="true" signature="Close_Browser()[pri:0, instance:com.controller.ScriptExecution@6a03bcb1]" started-at="2018-12-19T07:28:25Z" name="Close_Browser" finished-at="2018-12-19T07:28:27Z" duration-ms="2689" status="PASS">
          <reporter-output>
          </reporter-output>
        </test-method> <!-- Close_Browser -->
        <test-method is-config="true" signature="Launch_Browser()[pri:0, instance:com.controller.ScriptExecution@6a03bcb1]" started-at="2018-12-19T07:28:27Z" name="Launch_Browser" finished-at="2018-12-19T07:28:31Z" duration-ms="3192" status="PASS">
          <reporter-output>
          </reporter-output>
        </test-method> <!-- Launch_Browser -->
        <test-method signature="CorpUserMangement09()[pri:0, instance:com.controller.ScriptExecution@6a03bcb1]" started-at="2018-12-19T07:28:31Z" name="CorpUserMangement09" finished-at="2018-12-19T07:28:39Z" duration-ms="8855" status="PASS">
          <reporter-output>
          </reporter-output>
        </test-method> <!-- CorpUserMangement09 -->
        <test-method is-config="true" signature="Close_Browser()[pri:0, instance:com.controller.ScriptExecution@6a03bcb1]" started-at="2018-12-19T07:28:39Z" name="Close_Browser" finished-at="2018-12-19T07:28:42Z" duration-ms="2727" status="PASS">
          <reporter-output>
          </reporter-output>
        </test-method> <!-- Close_Browser -->
        <test-method is-config="true" signature="Launch_Browser()[pri:0, instance:com.controller.ScriptExecution@6a03bcb1]" started-at="2018-12-19T07:28:42Z" name="Launch_Browser" finished-at="2018-12-19T07:28:45Z" duration-ms="3335" status="PASS">
          <reporter-output>
          </reporter-output>
        </test-method> <!-- Launch_Browser -->
        <test-method signature="CorpUserMangement10()[pri:0, instance:com.controller.ScriptExecution@6a03bcb1]" started-at="2018-12-19T07:28:45Z" name="CorpUserMangement10" finished-at="2018-12-19T07:28:51Z" duration-ms="5596" status="FAIL">
          <exception class="org.openqa.selenium.WebDriverException">
            <message>
              <![CDATA[unknown error: Element <mat-icon _ngcontent-c56="" aria-label="Add User" class="mat-icon material-icons" role="img" aria-hidden="true">...</mat-icon> is not clickable at point (944, 659). Other element would receive the click: <i _ngcontent-c60="" class="material-icons">...</i>
  (Session info: chrome=70.0.3538.110)
  (Driver info: chromedriver=2.40.565498 (ea082db3280dd6843ebfb08a625e3eb905c4f5ab),platform=Windows NT 10.0.17134 x86_64) (WARNING: The server did not provide any stacktrace information)
Command duration or timeout: 0 milliseconds
Build info: version: '3.13.0', revision: '2f0d292', time: '2018-06-25T15:24:21.231Z'
System info: host: 'DESKTOP-L268OE3', ip: '10.7.22.183', os.name: 'Windows 10', os.arch: 'amd64', os.version: '10.0', java.version: '10.0.2'
Driver info: org.openqa.selenium.chrome.ChromeDriver
Capabilities {acceptInsecureCerts: false, acceptSslCerts: false, applicationCacheEnabled: false, browserConnectionEnabled: false, browserName: chrome, chrome: {chromedriverVersion: 2.40.565498 (ea082db3280dd6..., userDataDir: C:\WINDOWS\TEMP\scoped_dir2...}, cssSelectorsEnabled: true, databaseEnabled: false, handlesAlerts: true, hasTouchScreen: false, javascriptEnabled: true, locationContextEnabled: true, mobileEmulationEnabled: false, nativeEvents: true, networkConnectionEnabled: false, pageLoadStrategy: normal, platform: XP, platformName: XP, rotatable: false, setWindowRect: true, takesHeapSnapshot: true, takesScreenshot: true, unexpectedAlertBehaviour: , unhandledPromptBehavior: , version: 70.0.3538.110, webStorageEnabled: true}
Session ID: 9db129437357e2d18cb14d2ab3535604]]>
            </message>
            <full-stacktrace>
              <![CDATA[org.openqa.selenium.WebDriverException: unknown error: Element <mat-icon _ngcontent-c56="" aria-label="Add User" class="mat-icon material-icons" role="img" aria-hidden="true">...</mat-icon> is not clickable at point (944, 659). Other element would receive the click: <i _ngcontent-c60="" class="material-icons">...</i>
  (Session info: chrome=70.0.3538.110)
  (Driver info: chromedriver=2.40.565498 (ea082db3280dd6843ebfb08a625e3eb905c4f5ab),platform=Windows NT 10.0.17134 x86_64) (WARNING: The server did not provide any stacktrace information)
Command duration or timeout: 0 milliseconds
Build info: version: '3.13.0', revision: '2f0d292', time: '2018-06-25T15:24:21.231Z'
System info: host: 'DESKTOP-L268OE3', ip: '10.7.22.183', os.name: 'Windows 10', os.arch: 'amd64', os.version: '10.0', java.version: '10.0.2'
Driver info: org.openqa.selenium.chrome.ChromeDriver
Capabilities {acceptInsecureCerts: false, acceptSslCerts: false, applicationCacheEnabled: false, browserConnectionEnabled: false, browserName: chrome, chrome: {chromedriverVersion: 2.40.565498 (ea082db3280dd6..., userDataDir: C:\WINDOWS\TEMP\scoped_dir2...}, cssSelectorsEnabled: true, databaseEnabled: false, handlesAlerts: true, hasTouchScreen: false, javascriptEnabled: true, locationContextEnabled: true, mobileEmulationEnabled: false, nativeEvents: true, networkConnectionEnabled: false, pageLoadStrategy: normal, platform: XP, platformName: XP, rotatable: false, setWindowRect: true, takesHeapSnapshot: true, takesScreenshot: true, unexpectedAlertBehaviour: , unhandledPromptBehavior: , version: 70.0.3538.110, webStorageEnabled: true}
Session ID: 9db129437357e2d18cb14d2ab3535604
at java.base/jdk.internal.reflect.NativeConstructorAccessorImpl.newInstance0(Native Method)
at java.base/jdk.internal.reflect.NativeConstructorAccessorImpl.newInstance(Unknown Source)
at java.base/jdk.internal.reflect.DelegatingConstructorAccessorImpl.newInstance(Unknown Source)
at java.base/java.lang.reflect.Constructor.newInstance(Unknown Source)
at org.openqa.selenium.remote.ErrorHandler.createThrowable(ErrorHandler.java:214)
at org.openqa.selenium.remote.ErrorHandler.throwIfResponseFailed(ErrorHandler.java:166)
at org.openqa.selenium.remote.http.JsonHttpResponseCodec.reconstructValue(JsonHttpResponseCodec.java:40)
at org.openqa.selenium.remote.http.AbstractHttpResponseCodec.decode(AbstractHttpResponseCodec.java:80)
at org.openqa.selenium.remote.http.AbstractHttpResponseCodec.decode(AbstractHttpResponseCodec.java:44)
at org.openqa.selenium.remote.HttpCommandExecutor.execute(HttpCommandExecutor.java:158)
at org.openqa.selenium.remote.service.DriverCommandExecutor.execute(DriverCommandExecutor.java:83)
at org.openqa.selenium.remote.RemoteWebDriver.execute(RemoteWebDriver.java:548)
at org.openqa.selenium.remote.RemoteWebElement.execute(RemoteWebElement.java:276)
at org.openqa.selenium.remote.RemoteWebElement.click(RemoteWebElement.java:83)
at jdk.internal.reflect.GeneratedMethodAccessor1.invoke(Unknown Source)
at java.base/jdk.internal.reflect.DelegatingMethodAccessorImpl.invoke(Unknown Source)
at java.base/java.lang.reflect.Method.invoke(Unknown Source)
at org.openqa.selenium.support.pagefactory.internal.LocatingElementHandler.invoke(LocatingElementHandler.java:51)
at com.sun.proxy.$Proxy10.click(Unknown Source)
at com.objects_pages.CorporateAdmin_UserManagement_Page.clickonAddButton(CorporateAdmin_UserManagement_Page.java:166)
at com.scenarios.CorpAdm_User_TC003_AddUserforAllLicenses.addCorpUsersforAllLicenses(CorpAdm_User_TC003_AddUserforAllLicenses.java:62)
at com.controller.ScriptExecution.CorpUserMangement10(ScriptExecution.java:195)
at java.base/jdk.internal.reflect.NativeMethodAccessorImpl.invoke0(Native Method)
at java.base/jdk.internal.reflect.NativeMethodAccessorImpl.invoke(Unknown Source)
at java.base/jdk.internal.reflect.DelegatingMethodAccessorImpl.invoke(Unknown Source)
at java.base/java.lang.reflect.Method.invoke(Unknown Source)
at org.testng.internal.MethodInvocationHelper.invokeMethod(MethodInvocationHelper.java:124)
at org.testng.internal.Invoker.invokeMethod(Invoker.java:580)
at org.testng.internal.Invoker.invokeTestMethod(Invoker.java:716)
at org.testng.internal.Invoker.invokeTestMethods(Invoker.java:988)
at org.testng.internal.TestMethodWorker.invokeTestMethods(TestMethodWorker.java:125)
at org.testng.internal.TestMethodWorker.run(TestMethodWorker.java:109)
at java.base/java.util.concurrent.ThreadPoolExecutor.runWorker(Unknown Source)
at java.base/java.util.concurrent.ThreadPoolExecutor$Worker.run(Unknown Source)
at java.base/java.lang.Thread.run(Unknown Source)
]]>
            </full-stacktrace>
          </exception> <!-- org.openqa.selenium.WebDriverException -->
          <reporter-output>
          </reporter-output>
        </test-method> <!-- CorpUserMangement10 -->
        <test-method is-config="true" signature="Close_Browser()[pri:0, instance:com.controller.ScriptExecution@6a03bcb1]" started-at="2018-12-19T07:28:51Z" name="Close_Browser" finished-at="2018-12-19T07:28:54Z" duration-ms="2768" status="PASS">
          <reporter-output>
          </reporter-output>
        </test-method> <!-- Close_Browser -->
        <test-method is-config="true" signature="Launch_Browser()[pri:0, instance:com.controller.ScriptExecution@6a03bcb1]" started-at="2018-12-19T07:28:54Z" name="Launch_Browser" finished-at="2018-12-19T07:28:57Z" duration-ms="3330" status="PASS">
          <reporter-output>
          </reporter-output>
        </test-method> <!-- Launch_Browser -->
        <test-method signature="CorpUserMangement11()[pri:0, instance:com.controller.ScriptExecution@6a03bcb1]" started-at="2018-12-19T07:28:57Z" name="CorpUserMangement11" finished-at="2018-12-19T07:29:04Z" duration-ms="6186" status="PASS">
          <reporter-output>
          </reporter-output>
        </test-method> <!-- CorpUserMangement11 -->
        <test-method is-config="true" signature="Close_Browser()[pri:0, instance:com.controller.ScriptExecution@6a03bcb1]" started-at="2018-12-19T07:29:04Z" name="Close_Browser" finished-at="2018-12-19T07:29:06Z" duration-ms="2753" status="PASS">
          <reporter-output>
          </reporter-output>
        </test-method> <!-- Close_Browser -->
        <test-method is-config="true" signature="Launch_Browser()[pri:0, instance:com.controller.ScriptExecution@6a03bcb1]" started-at="2018-12-19T07:29:06Z" name="Launch_Browser" finished-at="2018-12-19T07:29:10Z" duration-ms="3315" status="PASS">
          <reporter-output>
          </reporter-output>
        </test-method> <!-- Launch_Browser -->
        <test-method signature="CorpUserMangement12()[pri:0, instance:com.controller.ScriptExecution@6a03bcb1]" started-at="2018-12-19T07:29:10Z" name="CorpUserMangement12" finished-at="2018-12-19T07:29:18Z" duration-ms="7931" status="PASS">
          <reporter-output>
          </reporter-output>
        </test-method> <!-- CorpUserMangement12 -->
        <test-method is-config="true" signature="Close_Browser()[pri:0, instance:com.controller.ScriptExecution@6a03bcb1]" started-at="2018-12-19T07:29:18Z" name="Close_Browser" finished-at="2018-12-19T07:29:20Z" duration-ms="2810" status="PASS">
          <reporter-output>
          </reporter-output>
        </test-method> <!-- Close_Browser -->
        <test-method is-config="true" signature="Launch_Browser()[pri:0, instance:com.controller.ScriptExecution@6a03bcb1]" started-at="2018-12-19T07:29:20Z" name="Launch_Browser" finished-at="2018-12-19T07:29:24Z" duration-ms="3384" status="PASS">
          <reporter-output>
          </reporter-output>
        </test-method> <!-- Launch_Browser -->
        <test-method signature="CorporateDashboard01()[pri:0, instance:com.controller.ScriptExecution@6a03bcb1]" started-at="2018-12-19T07:29:24Z" name="CorporateDashboard01" finished-at="2018-12-19T07:29:31Z" duration-ms="7582" status="PASS">
          <reporter-output>
          </reporter-output>
        </test-method> <!-- CorporateDashboard01 -->
        <test-method is-config="true" signature="Close_Browser()[pri:0, instance:com.controller.ScriptExecution@6a03bcb1]" started-at="2018-12-19T07:29:31Z" name="Close_Browser" finished-at="2018-12-19T07:29:34Z" duration-ms="2724" status="PASS">
          <reporter-output>
          </reporter-output>
        </test-method> <!-- Close_Browser -->
        <test-method is-config="true" signature="Launch_Browser()[pri:0, instance:com.controller.ScriptExecution@6a03bcb1]" started-at="2018-12-19T07:29:34Z" name="Launch_Browser" finished-at="2018-12-19T07:29:37Z" duration-ms="3205" status="PASS">
          <reporter-output>
          </reporter-output>
        </test-method> <!-- Launch_Browser -->
        <test-method signature="CorporateJob1()[pri:0, instance:com.controller.ScriptExecution@6a03bcb1]" started-at="2018-12-19T07:29:37Z" name="CorporateJob1" finished-at="2018-12-19T07:29:43Z" duration-ms="5621" status="PASS">
          <reporter-output>
          </reporter-output>
        </test-method> <!-- CorporateJob1 -->
        <test-method is-config="true" signature="Close_Browser()[pri:0, instance:com.controller.ScriptExecution@6a03bcb1]" started-at="2018-12-19T07:29:43Z" name="Close_Browser" finished-at="2018-12-19T07:29:46Z" duration-ms="2754" status="PASS">
          <reporter-output>
          </reporter-output>
        </test-method> <!-- Close_Browser -->
        <test-method is-config="true" signature="Launch_Browser()[pri:0, instance:com.controller.ScriptExecution@6a03bcb1]" started-at="2018-12-19T07:29:46Z" name="Launch_Browser" finished-at="2018-12-19T07:29:49Z" duration-ms="3189" status="PASS">
          <reporter-output>
          </reporter-output>
        </test-method> <!-- Launch_Browser -->
        <test-method signature="CorporateJob2()[pri:0, instance:com.controller.ScriptExecution@6a03bcb1]" started-at="2018-12-19T07:29:49Z" name="CorporateJob2" finished-at="2018-12-19T07:30:00Z" duration-ms="10918" status="PASS">
          <reporter-output>
          </reporter-output>
        </test-method> <!-- CorporateJob2 -->
        <test-method is-config="true" signature="Close_Browser()[pri:0, instance:com.controller.ScriptExecution@6a03bcb1]" started-at="2018-12-19T07:30:00Z" name="Close_Browser" finished-at="2018-12-19T07:30:03Z" duration-ms="2801" status="PASS">
          <reporter-output>
          </reporter-output>
        </test-method> <!-- Close_Browser -->
        <test-method is-config="true" signature="Launch_Browser()[pri:0, instance:com.controller.ScriptExecution@6a03bcb1]" started-at="2018-12-19T07:30:03Z" name="Launch_Browser" finished-at="2018-12-19T07:30:06Z" duration-ms="3301" status="PASS">
          <reporter-output>
          </reporter-output>
        </test-method> <!-- Launch_Browser -->
        <test-method signature="Login1()[pri:0, instance:com.controller.ScriptExecution@6a03bcb1]" started-at="2018-12-19T07:30:06Z" name="Login1" finished-at="2018-12-19T07:30:09Z" duration-ms="2777" status="PASS">
          <reporter-output>
          </reporter-output>
        </test-method> <!-- Login1 -->
        <test-method is-config="true" signature="Close_Browser()[pri:0, instance:com.controller.ScriptExecution@6a03bcb1]" started-at="2018-12-19T07:30:09Z" name="Close_Browser" finished-at="2018-12-19T07:30:11Z" duration-ms="2752" status="PASS">
          <reporter-output>
          </reporter-output>
        </test-method> <!-- Close_Browser -->
        <test-method is-config="true" signature="Launch_Browser()[pri:0, instance:com.controller.ScriptExecution@6a03bcb1]" started-at="2018-12-19T07:30:11Z" name="Launch_Browser" finished-at="2018-12-19T07:30:15Z" duration-ms="3341" status="PASS">
          <reporter-output>
          </reporter-output>
        </test-method> <!-- Launch_Browser -->
        <test-method signature="Login2()[pri:0, instance:com.controller.ScriptExecution@6a03bcb1]" started-at="2018-12-19T07:30:15Z" name="Login2" finished-at="2018-12-19T07:30:20Z" duration-ms="4885" status="PASS">
          <reporter-output>
          </reporter-output>
        </test-method> <!-- Login2 -->
        <test-method is-config="true" signature="Close_Browser()[pri:0, instance:com.controller.ScriptExecution@6a03bcb1]" started-at="2018-12-19T07:30:20Z" name="Close_Browser" finished-at="2018-12-19T07:30:22Z" duration-ms="2695" status="PASS">
          <reporter-output>
          </reporter-output>
        </test-method> <!-- Close_Browser -->
        <test-method is-config="true" signature="Launch_Browser()[pri:0, instance:com.controller.ScriptExecution@6a03bcb1]" started-at="2018-12-19T07:30:22Z" name="Launch_Browser" finished-at="2018-12-19T07:30:26Z" duration-ms="3209" status="PASS">
          <reporter-output>
          </reporter-output>
        </test-method> <!-- Launch_Browser -->
        <test-method signature="Login3()[pri:0, instance:com.controller.ScriptExecution@6a03bcb1]" started-at="2018-12-19T07:30:26Z" name="Login3" finished-at="2018-12-19T07:30:29Z" duration-ms="3244" status="PASS">
          <reporter-output>
          </reporter-output>
        </test-method> <!-- Login3 -->
        <test-method is-config="true" signature="Close_Browser()[pri:0, instance:com.controller.ScriptExecution@6a03bcb1]" started-at="2018-12-19T07:30:29Z" name="Close_Browser" finished-at="2018-12-19T07:30:32Z" duration-ms="2722" status="PASS">
          <reporter-output>
          </reporter-output>
        </test-method> <!-- Close_Browser -->
        <test-method is-config="true" signature="Launch_Browser()[pri:0, instance:com.controller.ScriptExecution@6a03bcb1]" started-at="2018-12-19T07:30:32Z" name="Launch_Browser" finished-at="2018-12-19T07:30:35Z" duration-ms="3170" status="PASS">
          <reporter-output>
          </reporter-output>
        </test-method> <!-- Launch_Browser -->
        <test-method signature="Login4()[pri:0, instance:com.controller.ScriptExecution@6a03bcb1]" started-at="2018-12-19T07:30:35Z" name="Login4" finished-at="2018-12-19T07:30:38Z" duration-ms="2863" status="PASS">
          <reporter-output>
          </reporter-output>
        </test-method> <!-- Login4 -->
        <test-method is-config="true" signature="Close_Browser()[pri:0, instance:com.controller.ScriptExecution@6a03bcb1]" started-at="2018-12-19T07:30:38Z" name="Close_Browser" finished-at="2018-12-19T07:30:40Z" duration-ms="2732" status="PASS">
          <reporter-output>
          </reporter-output>
        </test-method> <!-- Close_Browser -->
        <test-method is-config="true" signature="Launch_Browser()[pri:0, instance:com.controller.ScriptExecution@6a03bcb1]" started-at="2018-12-19T07:30:40Z" name="Launch_Browser" finished-at="2018-12-19T07:30:44Z" duration-ms="3255" status="PASS">
          <reporter-output>
          </reporter-output>
        </test-method> <!-- Launch_Browser -->
        <test-method signature="Login5()[pri:0, instance:com.controller.ScriptExecution@6a03bcb1]" started-at="2018-12-19T07:30:44Z" name="Login5" finished-at="2018-12-19T07:30:47Z" duration-ms="3220" status="PASS">
          <reporter-output>
          </reporter-output>
        </test-method> <!-- Login5 -->
        <test-method is-config="true" signature="Close_Browser()[pri:0, instance:com.controller.ScriptExecution@6a03bcb1]" started-at="2018-12-19T07:30:47Z" name="Close_Browser" finished-at="2018-12-19T07:30:50Z" duration-ms="2776" status="PASS">
          <reporter-output>
          </reporter-output>
        </test-method> <!-- Close_Browser -->
        <test-method is-config="true" signature="Launch_Browser()[pri:0, instance:com.controller.ScriptExecution@6a03bcb1]" started-at="2018-12-19T07:30:50Z" name="Launch_Browser" finished-at="2018-12-19T07:30:53Z" duration-ms="3416" status="PASS">
          <reporter-output>
          </reporter-output>
        </test-method> <!-- Launch_Browser -->
        <test-method signature="Login6()[pri:0, instance:com.controller.ScriptExecution@6a03bcb1]" started-at="2018-12-19T07:30:53Z" name="Login6" finished-at="2018-12-19T07:30:56Z" duration-ms="3432" status="PASS">
          <reporter-output>
          </reporter-output>
        </test-method> <!-- Login6 -->
        <test-method is-config="true" signature="Close_Browser()[pri:0, instance:com.controller.ScriptExecution@6a03bcb1]" started-at="2018-12-19T07:30:56Z" name="Close_Browser" finished-at="2018-12-19T07:30:59Z" duration-ms="2725" status="PASS">
          <reporter-output>
          </reporter-output>
        </test-method> <!-- Close_Browser -->
        <test-method is-config="true" signature="Launch_Browser()[pri:0, instance:com.controller.ScriptExecution@6a03bcb1]" started-at="2018-12-19T07:30:59Z" name="Launch_Browser" finished-at="2018-12-19T07:31:02Z" duration-ms="3327" status="PASS">
          <reporter-output>
          </reporter-output>
        </test-method> <!-- Launch_Browser -->
        <test-method signature="Submission01()[pri:0, instance:com.controller.ScriptExecution@6a03bcb1]" started-at="2018-12-19T07:31:02Z" name="Submission01" finished-at="2018-12-19T07:33:42Z" duration-ms="159540" status="FAIL">
          <exception class="org.openqa.selenium.TimeoutException">
            <message>
              <![CDATA[Expected condition failed: waiting for visibility of [[ChromeDriver: chrome on XP (5bd1ea199bbc4889dc000700506caf48)] -> xpath: //div[@id='validateRecording']] (tried for 30 second(s) with 500 milliseconds interval)
Build info: version: '3.13.0', revision: '2f0d292', time: '2018-06-25T15:24:21.231Z'
System info: host: 'DESKTOP-L268OE3', ip: '10.7.22.183', os.name: 'Windows 10', os.arch: 'amd64', os.version: '10.0', java.version: '10.0.2'
Driver info: org.openqa.selenium.chrome.ChromeDriver
Capabilities {acceptInsecureCerts: false, acceptSslCerts: false, applicationCacheEnabled: false, browserConnectionEnabled: false, browserName: chrome, chrome: {chromedriverVersion: 2.40.565498 (ea082db3280dd6..., userDataDir: C:\WINDOWS\TEMP\scoped_dir3...}, cssSelectorsEnabled: true, databaseEnabled: false, handlesAlerts: true, hasTouchScreen: false, javascriptEnabled: true, locationContextEnabled: true, mobileEmulationEnabled: false, nativeEvents: true, networkConnectionEnabled: false, pageLoadStrategy: normal, platform: XP, platformName: XP, rotatable: false, setWindowRect: true, takesHeapSnapshot: true, takesScreenshot: true, unexpectedAlertBehaviour: , unhandledPromptBehavior: , version: 70.0.3538.110, webStorageEnabled: true}
Session ID: 5bd1ea199bbc4889dc000700506caf48]]>
            </message>
            <full-stacktrace>
              <![CDATA[org.openqa.selenium.TimeoutException: Expected condition failed: waiting for visibility of [[ChromeDriver: chrome on XP (5bd1ea199bbc4889dc000700506caf48)] -> xpath: //div[@id='validateRecording']] (tried for 30 second(s) with 500 milliseconds interval)
Build info: version: '3.13.0', revision: '2f0d292', time: '2018-06-25T15:24:21.231Z'
System info: host: 'DESKTOP-L268OE3', ip: '10.7.22.183', os.name: 'Windows 10', os.arch: 'amd64', os.version: '10.0', java.version: '10.0.2'
Driver info: org.openqa.selenium.chrome.ChromeDriver
Capabilities {acceptInsecureCerts: false, acceptSslCerts: false, applicationCacheEnabled: false, browserConnectionEnabled: false, browserName: chrome, chrome: {chromedriverVersion: 2.40.565498 (ea082db3280dd6..., userDataDir: C:\WINDOWS\TEMP\scoped_dir3...}, cssSelectorsEnabled: true, databaseEnabled: false, handlesAlerts: true, hasTouchScreen: false, javascriptEnabled: true, locationContextEnabled: true, mobileEmulationEnabled: false, nativeEvents: true, networkConnectionEnabled: false, pageLoadStrategy: normal, platform: XP, platformName: XP, rotatable: false, setWindowRect: true, takesHeapSnapshot: true, takesScreenshot: true, unexpectedAlertBehaviour: , unhandledPromptBehavior: , version: 70.0.3538.110, webStorageEnabled: true}
Session ID: 5bd1ea199bbc4889dc000700506caf48
at org.openqa.selenium.support.ui.WebDriverWait.timeoutException(WebDriverWait.java:81)
at org.openqa.selenium.support.ui.FluentWait.until(FluentWait.java:271)
at com.controller.Action_Method.wait_for_elementpresent(Action_Method.java:199)
at com.objects_pages.MyInterviewPage.VideoRecording_JobPost(MyInterviewPage.java:89)
at com.objects_pages.Corporate_PostVideoJD_AddVideoPage.Complete_AddvideoPage(Corporate_PostVideoJD_AddVideoPage.java:48)
at com.scenarios.Sc_028_Post_Video_JD.Verify_Post_Video_Jd(Sc_028_Post_Video_JD.java:50)
at com.controller.ScriptExecution.Submission01(ScriptExecution.java:300)
at java.base/jdk.internal.reflect.NativeMethodAccessorImpl.invoke0(Native Method)
at java.base/jdk.internal.reflect.NativeMethodAccessorImpl.invoke(Unknown Source)
at java.base/jdk.internal.reflect.DelegatingMethodAccessorImpl.invoke(Unknown Source)
at java.base/java.lang.reflect.Method.invoke(Unknown Source)
at org.testng.internal.MethodInvocationHelper.invokeMethod(MethodInvocationHelper.java:124)
at org.testng.internal.Invoker.invokeMethod(Invoker.java:580)
at org.testng.internal.Invoker.invokeTestMethod(Invoker.java:716)
at org.testng.internal.Invoker.invokeTestMethods(Invoker.java:988)
at org.testng.internal.TestMethodWorker.invokeTestMethods(TestMethodWorker.java:125)
at org.testng.internal.TestMethodWorker.run(TestMethodWorker.java:109)
at java.base/java.util.concurrent.ThreadPoolExecutor.runWorker(Unknown Source)
at java.base/java.util.concurrent.ThreadPoolExecutor$Worker.run(Unknown Source)
at java.base/java.lang.Thread.run(Unknown Source)
]]>
            </full-stacktrace>
          </exception> <!-- org.openqa.selenium.TimeoutException -->
          <reporter-output>
          </reporter-output>
        </test-method> <!-- Submission01 -->
        <test-method is-config="true" signature="Close_Browser()[pri:0, instance:com.controller.ScriptExecution@6a03bcb1]" started-at="2018-12-19T07:33:42Z" name="Close_Browser" finished-at="2018-12-19T07:33:45Z" duration-ms="2760" status="PASS">
          <reporter-output>
          </reporter-output>
        </test-method> <!-- Close_Browser -->
        <test-method is-config="true" signature="Launch_Browser()[pri:0, instance:com.controller.ScriptExecution@6a03bcb1]" started-at="2018-12-19T07:33:45Z" name="Launch_Browser" finished-at="2018-12-19T07:33:48Z" duration-ms="3288" status="PASS">
          <reporter-output>
          </reporter-output>
        </test-method> <!-- Launch_Browser -->
        <test-method signature="Submission02()[pri:0, instance:com.controller.ScriptExecution@6a03bcb1]" started-at="2018-12-19T07:33:48Z" name="Submission02" finished-at="2018-12-19T07:33:54Z" duration-ms="5283" status="FAIL">
          <exception class="org.openqa.selenium.ElementNotVisibleException">
            <message>
              <![CDATA[element not visible
  (Session info: chrome=70.0.3538.110)
  (Driver info: chromedriver=2.40.565498 (ea082db3280dd6843ebfb08a625e3eb905c4f5ab),platform=Windows NT 10.0.17134 x86_64) (WARNING: The server did not provide any stacktrace information)
Command duration or timeout: 0 milliseconds
Build info: version: '3.13.0', revision: '2f0d292', time: '2018-06-25T15:24:21.231Z'
System info: host: 'DESKTOP-L268OE3', ip: '10.7.22.183', os.name: 'Windows 10', os.arch: 'amd64', os.version: '10.0', java.version: '10.0.2'
Driver info: org.openqa.selenium.chrome.ChromeDriver
Capabilities {acceptInsecureCerts: false, acceptSslCerts: false, applicationCacheEnabled: false, browserConnectionEnabled: false, browserName: chrome, chrome: {chromedriverVersion: 2.40.565498 (ea082db3280dd6..., userDataDir: C:\WINDOWS\TEMP\scoped_dir6...}, cssSelectorsEnabled: true, databaseEnabled: false, handlesAlerts: true, hasTouchScreen: false, javascriptEnabled: true, locationContextEnabled: true, mobileEmulationEnabled: false, nativeEvents: true, networkConnectionEnabled: false, pageLoadStrategy: normal, platform: XP, platformName: XP, rotatable: false, setWindowRect: true, takesHeapSnapshot: true, takesScreenshot: true, unexpectedAlertBehaviour: , unhandledPromptBehavior: , version: 70.0.3538.110, webStorageEnabled: true}
Session ID: 0b0c16940fb06192df141733efa7de17]]>
            </message>
            <full-stacktrace>
              <![CDATA[org.openqa.selenium.ElementNotVisibleException: element not visible
  (Session info: chrome=70.0.3538.110)
  (Driver info: chromedriver=2.40.565498 (ea082db3280dd6843ebfb08a625e3eb905c4f5ab),platform=Windows NT 10.0.17134 x86_64) (WARNING: The server did not provide any stacktrace information)
Command duration or timeout: 0 milliseconds
Build info: version: '3.13.0', revision: '2f0d292', time: '2018-06-25T15:24:21.231Z'
System info: host: 'DESKTOP-L268OE3', ip: '10.7.22.183', os.name: 'Windows 10', os.arch: 'amd64', os.version: '10.0', java.version: '10.0.2'
Driver info: org.openqa.selenium.chrome.ChromeDriver
Capabilities {acceptInsecureCerts: false, acceptSslCerts: false, applicationCacheEnabled: false, browserConnectionEnabled: false, browserName: chrome, chrome: {chromedriverVersion: 2.40.565498 (ea082db3280dd6..., userDataDir: C:\WINDOWS\TEMP\scoped_dir6...}, cssSelectorsEnabled: true, databaseEnabled: false, handlesAlerts: true, hasTouchScreen: false, javascriptEnabled: true, locationContextEnabled: true, mobileEmulationEnabled: false, nativeEvents: true, networkConnectionEnabled: false, pageLoadStrategy: normal, platform: XP, platformName: XP, rotatable: false, setWindowRect: true, takesHeapSnapshot: true, takesScreenshot: true, unexpectedAlertBehaviour: , unhandledPromptBehavior: , version: 70.0.3538.110, webStorageEnabled: true}
Session ID: 0b0c16940fb06192df141733efa7de17
at java.base/jdk.internal.reflect.NativeConstructorAccessorImpl.newInstance0(Native Method)
at java.base/jdk.internal.reflect.NativeConstructorAccessorImpl.newInstance(Unknown Source)
at java.base/jdk.internal.reflect.DelegatingConstructorAccessorImpl.newInstance(Unknown Source)
at java.base/java.lang.reflect.Constructor.newInstance(Unknown Source)
at org.openqa.selenium.remote.ErrorHandler.createThrowable(ErrorHandler.java:214)
at org.openqa.selenium.remote.ErrorHandler.throwIfResponseFailed(ErrorHandler.java:166)
at org.openqa.selenium.remote.http.JsonHttpResponseCodec.reconstructValue(JsonHttpResponseCodec.java:40)
at org.openqa.selenium.remote.http.AbstractHttpResponseCodec.decode(AbstractHttpResponseCodec.java:80)
at org.openqa.selenium.remote.http.AbstractHttpResponseCodec.decode(AbstractHttpResponseCodec.java:44)
at org.openqa.selenium.remote.HttpCommandExecutor.execute(HttpCommandExecutor.java:158)
at org.openqa.selenium.remote.service.DriverCommandExecutor.execute(DriverCommandExecutor.java:83)
at org.openqa.selenium.remote.RemoteWebDriver.execute(RemoteWebDriver.java:548)
at org.openqa.selenium.remote.RemoteWebElement.execute(RemoteWebElement.java:276)
at org.openqa.selenium.remote.RemoteWebElement.click(RemoteWebElement.java:83)
at com.objects_pages.EngageAgencyPartnersPage.Click_On_GetGuaranteedResponse(EngageAgencyPartnersPage.java:113)
at com.scenarios.Sc_032_PerformGuaranteedSubmission.Verify_Guaranteed_Submission(Sc_032_PerformGuaranteedSubmission.java:34)
at com.controller.ScriptExecution.Submission02(ScriptExecution.java:309)
at java.base/jdk.internal.reflect.NativeMethodAccessorImpl.invoke0(Native Method)
at java.base/jdk.internal.reflect.NativeMethodAccessorImpl.invoke(Unknown Source)
at java.base/jdk.internal.reflect.DelegatingMethodAccessorImpl.invoke(Unknown Source)
at java.base/java.lang.reflect.Method.invoke(Unknown Source)
at org.testng.internal.MethodInvocationHelper.invokeMethod(MethodInvocationHelper.java:124)
at org.testng.internal.Invoker.invokeMethod(Invoker.java:580)
at org.testng.internal.Invoker.invokeTestMethod(Invoker.java:716)
at org.testng.internal.Invoker.invokeTestMethods(Invoker.java:988)
at org.testng.internal.TestMethodWorker.invokeTestMethods(TestMethodWorker.java:125)
at org.testng.internal.TestMethodWorker.run(TestMethodWorker.java:109)
at java.base/java.util.concurrent.ThreadPoolExecutor.runWorker(Unknown Source)
at java.base/java.util.concurrent.ThreadPoolExecutor$Worker.run(Unknown Source)
at java.base/java.lang.Thread.run(Unknown Source)
]]>
            </full-stacktrace>
          </exception> <!-- org.openqa.selenium.ElementNotVisibleException -->
          <reporter-output>
          </reporter-output>
        </test-method> <!-- Submission02 -->
        <test-method is-config="true" signature="Close_Browser()[pri:0, instance:com.controller.ScriptExecution@6a03bcb1]" started-at="2018-12-19T07:33:54Z" name="Close_Browser" finished-at="2018-12-19T07:33:57Z" duration-ms="2697" status="PASS">
          <reporter-output>
          </reporter-output>
        </test-method> <!-- Close_Browser -->
        <test-method is-config="true" signature="Launch_Browser()[pri:0, instance:com.controller.ScriptExecution@6a03bcb1]" started-at="2018-12-19T07:33:57Z" name="Launch_Browser" finished-at="2018-12-19T07:34:00Z" duration-ms="3760" status="PASS">
          <reporter-output>
          </reporter-output>
        </test-method> <!-- Launch_Browser -->
        <test-method signature="Submission03()[pri:0, instance:com.controller.ScriptExecution@6a03bcb1]" started-at="2018-12-19T07:34:00Z" name="Submission03" finished-at="2018-12-19T07:34:35Z" duration-ms="34701" status="FAIL">
          <exception class="org.openqa.selenium.NoSuchElementException">
            <message>
              <![CDATA[no such element: Unable to locate element: {"method":"xpath","selector":"//span[contains(text(),'#443')]/following::button[2]"}
  (Session info: chrome=70.0.3538.110)
  (Driver info: chromedriver=2.40.565498 (ea082db3280dd6843ebfb08a625e3eb905c4f5ab),platform=Windows NT 10.0.17134 x86_64) (WARNING: The server did not provide any stacktrace information)
Command duration or timeout: 0 milliseconds
For documentation on this error, please visit: http://seleniumhq.org/exceptions/no_such_element.html
Build info: version: '3.13.0', revision: '2f0d292', time: '2018-06-25T15:24:21.231Z'
System info: host: 'DESKTOP-L268OE3', ip: '10.7.22.183', os.name: 'Windows 10', os.arch: 'amd64', os.version: '10.0', java.version: '10.0.2'
Driver info: org.openqa.selenium.chrome.ChromeDriver
Capabilities {acceptInsecureCerts: false, acceptSslCerts: false, applicationCacheEnabled: false, browserConnectionEnabled: false, browserName: chrome, chrome: {chromedriverVersion: 2.40.565498 (ea082db3280dd6..., userDataDir: C:\WINDOWS\TEMP\scoped_dir1...}, cssSelectorsEnabled: true, databaseEnabled: false, handlesAlerts: true, hasTouchScreen: false, javascriptEnabled: true, locationContextEnabled: true, mobileEmulationEnabled: false, nativeEvents: true, networkConnectionEnabled: false, pageLoadStrategy: normal, platform: XP, platformName: XP, rotatable: false, setWindowRect: true, takesHeapSnapshot: true, takesScreenshot: true, unexpectedAlertBehaviour: , unhandledPromptBehavior: , version: 70.0.3538.110, webStorageEnabled: true}
Session ID: e3ccd4225f8956642e9472a18e3d6553
*** Element info: {Using=xpath, value=//span[contains(text(),'#443')]/following::button[2]}]]>
            </message>
            <full-stacktrace>
              <![CDATA[org.openqa.selenium.NoSuchElementException: no such element: Unable to locate element: {"method":"xpath","selector":"//span[contains(text(),'#443')]/following::button[2]"}
  (Session info: chrome=70.0.3538.110)
  (Driver info: chromedriver=2.40.565498 (ea082db3280dd6843ebfb08a625e3eb905c4f5ab),platform=Windows NT 10.0.17134 x86_64) (WARNING: The server did not provide any stacktrace information)
Command duration or timeout: 0 milliseconds
For documentation on this error, please visit: http://seleniumhq.org/exceptions/no_such_element.html
Build info: version: '3.13.0', revision: '2f0d292', time: '2018-06-25T15:24:21.231Z'
System info: host: 'DESKTOP-L268OE3', ip: '10.7.22.183', os.name: 'Windows 10', os.arch: 'amd64', os.version: '10.0', java.version: '10.0.2'
Driver info: org.openqa.selenium.chrome.ChromeDriver
Capabilities {acceptInsecureCerts: false, acceptSslCerts: false, applicationCacheEnabled: false, browserConnectionEnabled: false, browserName: chrome, chrome: {chromedriverVersion: 2.40.565498 (ea082db3280dd6..., userDataDir: C:\WINDOWS\TEMP\scoped_dir1...}, cssSelectorsEnabled: true, databaseEnabled: false, handlesAlerts: true, hasTouchScreen: false, javascriptEnabled: true, locationContextEnabled: true, mobileEmulationEnabled: false, nativeEvents: true, networkConnectionEnabled: false, pageLoadStrategy: normal, platform: XP, platformName: XP, rotatable: false, setWindowRect: true, takesHeapSnapshot: true, takesScreenshot: true, unexpectedAlertBehaviour: , unhandledPromptBehavior: , version: 70.0.3538.110, webStorageEnabled: true}
Session ID: e3ccd4225f8956642e9472a18e3d6553
*** Element info: {Using=xpath, value=//span[contains(text(),'#443')]/following::button[2]}
at java.base/jdk.internal.reflect.NativeConstructorAccessorImpl.newInstance0(Native Method)
at java.base/jdk.internal.reflect.NativeConstructorAccessorImpl.newInstance(Unknown Source)
at java.base/jdk.internal.reflect.DelegatingConstructorAccessorImpl.newInstance(Unknown Source)
at java.base/java.lang.reflect.Constructor.newInstance(Unknown Source)
at org.openqa.selenium.remote.ErrorHandler.createThrowable(ErrorHandler.java:214)
at org.openqa.selenium.remote.ErrorHandler.throwIfResponseFailed(ErrorHandler.java:166)
at org.openqa.selenium.remote.http.JsonHttpResponseCodec.reconstructValue(JsonHttpResponseCodec.java:40)
at org.openqa.selenium.remote.http.AbstractHttpResponseCodec.decode(AbstractHttpResponseCodec.java:80)
at org.openqa.selenium.remote.http.AbstractHttpResponseCodec.decode(AbstractHttpResponseCodec.java:44)
at org.openqa.selenium.remote.HttpCommandExecutor.execute(HttpCommandExecutor.java:158)
at org.openqa.selenium.remote.service.DriverCommandExecutor.execute(DriverCommandExecutor.java:83)
at org.openqa.selenium.remote.RemoteWebDriver.execute(RemoteWebDriver.java:548)
at org.openqa.selenium.remote.RemoteWebDriver.findElement(RemoteWebDriver.java:322)
at org.openqa.selenium.remote.RemoteWebDriver.findElementByXPath(RemoteWebDriver.java:424)
at org.openqa.selenium.By$ByXPath.findElement(By.java:353)
at org.openqa.selenium.remote.RemoteWebDriver.findElement(RemoteWebDriver.java:314)
at com.objects_pages.ManageJobPage.Click_Mangae_Job(ManageJobPage.java:61)
at com.scenarios.Sc_068_Verify_AlignOfAnAgency.Verify_AlignOfAnAgency(Sc_068_Verify_AlignOfAnAgency.java:43)
at com.controller.ScriptExecution.Submission03(ScriptExecution.java:317)
at java.base/jdk.internal.reflect.NativeMethodAccessorImpl.invoke0(Native Method)
at java.base/jdk.internal.reflect.NativeMethodAccessorImpl.invoke(Unknown Source)
at java.base/jdk.internal.reflect.DelegatingMethodAccessorImpl.invoke(Unknown Source)
at java.base/java.lang.reflect.Method.invoke(Unknown Source)
at org.testng.internal.MethodInvocationHelper.invokeMethod(MethodInvocationHelper.java:124)
at org.testng.internal.Invoker.invokeMethod(Invoker.java:580)
at org.testng.internal.Invoker.invokeTestMethod(Invoker.java:716)
at org.testng.internal.Invoker.invokeTestMethods(Invoker.java:988)
at org.testng.internal.TestMethodWorker.invokeTestMethods(TestMethodWorker.java:125)
at org.testng.internal.TestMethodWorker.run(TestMethodWorker.java:109)
at java.base/java.util.concurrent.ThreadPoolExecutor.runWorker(Unknown Source)
at java.base/java.util.concurrent.ThreadPoolExecutor$Worker.run(Unknown Source)
at java.base/java.lang.Thread.run(Unknown Source)
]]>
            </full-stacktrace>
          </exception> <!-- org.openqa.selenium.NoSuchElementException -->
          <reporter-output>
          </reporter-output>
        </test-method> <!-- Submission03 -->
        <test-method is-config="true" signature="Close_Browser()[pri:0, instance:com.controller.ScriptExecution@6a03bcb1]" started-at="2018-12-19T07:34:35Z" name="Close_Browser" finished-at="2018-12-19T07:34:38Z" duration-ms="3050" status="PASS">
          <reporter-output>
          </reporter-output>
        </test-method> <!-- Close_Browser -->
        <test-method is-config="true" signature="Launch_Browser()[pri:0, instance:com.controller.ScriptExecution@6a03bcb1]" started-at="2018-12-19T07:34:38Z" name="Launch_Browser" finished-at="2018-12-19T07:34:43Z" duration-ms="4079" status="PASS">
          <reporter-output>
          </reporter-output>
        </test-method> <!-- Launch_Browser -->
        <test-method signature="Submission04()[pri:0, instance:com.controller.ScriptExecution@6a03bcb1]" started-at="2018-12-19T07:34:43Z" name="Submission04" finished-at="2018-12-19T07:35:17Z" duration-ms="34226" status="FAIL">
          <exception class="org.openqa.selenium.NoSuchElementException">
            <message>
              <![CDATA[no such element: Unable to locate element: {"method":"xpath","selector":"//a[contains(@href,'job/443')]/following::button[2]"}
  (Session info: chrome=70.0.3538.110)
  (Driver info: chromedriver=2.40.565498 (ea082db3280dd6843ebfb08a625e3eb905c4f5ab),platform=Windows NT 10.0.17134 x86_64) (WARNING: The server did not provide any stacktrace information)
Command duration or timeout: 0 milliseconds
For documentation on this error, please visit: http://seleniumhq.org/exceptions/no_such_element.html
Build info: version: '3.13.0', revision: '2f0d292', time: '2018-06-25T15:24:21.231Z'
System info: host: 'DESKTOP-L268OE3', ip: '10.7.22.183', os.name: 'Windows 10', os.arch: 'amd64', os.version: '10.0', java.version: '10.0.2'
Driver info: org.openqa.selenium.chrome.ChromeDriver
Capabilities {acceptInsecureCerts: false, acceptSslCerts: false, applicationCacheEnabled: false, browserConnectionEnabled: false, browserName: chrome, chrome: {chromedriverVersion: 2.40.565498 (ea082db3280dd6..., userDataDir: C:\WINDOWS\TEMP\scoped_dir1...}, cssSelectorsEnabled: true, databaseEnabled: false, handlesAlerts: true, hasTouchScreen: false, javascriptEnabled: true, locationContextEnabled: true, mobileEmulationEnabled: false, nativeEvents: true, networkConnectionEnabled: false, pageLoadStrategy: normal, platform: XP, platformName: XP, rotatable: false, setWindowRect: true, takesHeapSnapshot: true, takesScreenshot: true, unexpectedAlertBehaviour: , unhandledPromptBehavior: , version: 70.0.3538.110, webStorageEnabled: true}
Session ID: d154d60c63a51732ae2eea86f98b263d
*** Element info: {Using=xpath, value=//a[contains(@href,'job/443')]/following::button[2]}]]>
            </message>
            <full-stacktrace>
              <![CDATA[org.openqa.selenium.NoSuchElementException: no such element: Unable to locate element: {"method":"xpath","selector":"//a[contains(@href,'job/443')]/following::button[2]"}
  (Session info: chrome=70.0.3538.110)
  (Driver info: chromedriver=2.40.565498 (ea082db3280dd6843ebfb08a625e3eb905c4f5ab),platform=Windows NT 10.0.17134 x86_64) (WARNING: The server did not provide any stacktrace information)
Command duration or timeout: 0 milliseconds
For documentation on this error, please visit: http://seleniumhq.org/exceptions/no_such_element.html
Build info: version: '3.13.0', revision: '2f0d292', time: '2018-06-25T15:24:21.231Z'
System info: host: 'DESKTOP-L268OE3', ip: '10.7.22.183', os.name: 'Windows 10', os.arch: 'amd64', os.version: '10.0', java.version: '10.0.2'
Driver info: org.openqa.selenium.chrome.ChromeDriver
Capabilities {acceptInsecureCerts: false, acceptSslCerts: false, applicationCacheEnabled: false, browserConnectionEnabled: false, browserName: chrome, chrome: {chromedriverVersion: 2.40.565498 (ea082db3280dd6..., userDataDir: C:\WINDOWS\TEMP\scoped_dir1...}, cssSelectorsEnabled: true, databaseEnabled: false, handlesAlerts: true, hasTouchScreen: false, javascriptEnabled: true, locationContextEnabled: true, mobileEmulationEnabled: false, nativeEvents: true, networkConnectionEnabled: false, pageLoadStrategy: normal, platform: XP, platformName: XP, rotatable: false, setWindowRect: true, takesHeapSnapshot: true, takesScreenshot: true, unexpectedAlertBehaviour: , unhandledPromptBehavior: , version: 70.0.3538.110, webStorageEnabled: true}
Session ID: d154d60c63a51732ae2eea86f98b263d
*** Element info: {Using=xpath, value=//a[contains(@href,'job/443')]/following::button[2]}
at java.base/jdk.internal.reflect.NativeConstructorAccessorImpl.newInstance0(Native Method)
at java.base/jdk.internal.reflect.NativeConstructorAccessorImpl.newInstance(Unknown Source)
at java.base/jdk.internal.reflect.DelegatingConstructorAccessorImpl.newInstance(Unknown Source)
at java.base/java.lang.reflect.Constructor.newInstance(Unknown Source)
at org.openqa.selenium.remote.ErrorHandler.createThrowable(ErrorHandler.java:214)
at org.openqa.selenium.remote.ErrorHandler.throwIfResponseFailed(ErrorHandler.java:166)
at org.openqa.selenium.remote.http.JsonHttpResponseCodec.reconstructValue(JsonHttpResponseCodec.java:40)
at org.openqa.selenium.remote.http.AbstractHttpResponseCodec.decode(AbstractHttpResponseCodec.java:80)
at org.openqa.selenium.remote.http.AbstractHttpResponseCodec.decode(AbstractHttpResponseCodec.java:44)
at org.openqa.selenium.remote.HttpCommandExecutor.execute(HttpCommandExecutor.java:158)
at org.openqa.selenium.remote.service.DriverCommandExecutor.execute(DriverCommandExecutor.java:83)
at org.openqa.selenium.remote.RemoteWebDriver.execute(RemoteWebDriver.java:548)
at org.openqa.selenium.remote.RemoteWebDriver.findElement(RemoteWebDriver.java:322)
at org.openqa.selenium.remote.RemoteWebDriver.findElementByXPath(RemoteWebDriver.java:424)
at org.openqa.selenium.By$ByXPath.findElement(By.java:353)
at org.openqa.selenium.remote.RemoteWebDriver.findElement(RemoteWebDriver.java:314)
at com.objects_pages.Agency_CampaignsPage.Accept_Job(Agency_CampaignsPage.java:43)
at com.scenarios.Sc_087_VerifyAccept_GS.Accept_GS(Sc_087_VerifyAccept_GS.java:43)
at com.controller.ScriptExecution.Submission04(ScriptExecution.java:326)
at java.base/jdk.internal.reflect.NativeMethodAccessorImpl.invoke0(Native Method)
at java.base/jdk.internal.reflect.NativeMethodAccessorImpl.invoke(Unknown Source)
at java.base/jdk.internal.reflect.DelegatingMethodAccessorImpl.invoke(Unknown Source)
at java.base/java.lang.reflect.Method.invoke(Unknown Source)
at org.testng.internal.MethodInvocationHelper.invokeMethod(MethodInvocationHelper.java:124)
at org.testng.internal.Invoker.invokeMethod(Invoker.java:580)
at org.testng.internal.Invoker.invokeTestMethod(Invoker.java:716)
at org.testng.internal.Invoker.invokeTestMethods(Invoker.java:988)
at org.testng.internal.TestMethodWorker.invokeTestMethods(TestMethodWorker.java:125)
at org.testng.internal.TestMethodWorker.run(TestMethodWorker.java:109)
at java.base/java.util.concurrent.ThreadPoolExecutor.runWorker(Unknown Source)
at java.base/java.util.concurrent.ThreadPoolExecutor$Worker.run(Unknown Source)
at java.base/java.lang.Thread.run(Unknown Source)
]]>
            </full-stacktrace>
          </exception> <!-- org.openqa.selenium.NoSuchElementException -->
          <reporter-output>
          </reporter-output>
        </test-method> <!-- Submission04 -->
        <test-method is-config="true" signature="Close_Browser()[pri:0, instance:com.controller.ScriptExecution@6a03bcb1]" started-at="2018-12-19T07:35:17Z" name="Close_Browser" finished-at="2018-12-19T07:35:20Z" duration-ms="2801" status="PASS">
          <reporter-output>
          </reporter-output>
        </test-method> <!-- Close_Browser -->
        <test-method is-config="true" signature="Launch_Browser()[pri:0, instance:com.controller.ScriptExecution@6a03bcb1]" started-at="2018-12-19T07:35:20Z" name="Launch_Browser" finished-at="2018-12-19T07:35:23Z" duration-ms="3281" status="PASS">
          <reporter-output>
          </reporter-output>
        </test-method> <!-- Launch_Browser -->
        <test-method signature="Submission05()[pri:0, instance:com.controller.ScriptExecution@6a03bcb1]" started-at="2018-12-19T07:35:23Z" name="Submission05" finished-at="2018-12-19T07:37:28Z" duration-ms="125136" status="PASS">
          <reporter-output>
          </reporter-output>
        </test-method> <!-- Submission05 -->
        <test-method is-config="true" signature="Close_Browser()[pri:0, instance:com.controller.ScriptExecution@6a03bcb1]" started-at="2018-12-19T07:37:28Z" name="Close_Browser" finished-at="2018-12-19T07:37:31Z" duration-ms="2725" status="PASS">
          <reporter-output>
          </reporter-output>
        </test-method> <!-- Close_Browser -->
        <test-method is-config="true" signature="Launch_Browser()[pri:0, instance:com.controller.ScriptExecution@6a03bcb1]" started-at="2018-12-19T07:37:31Z" name="Launch_Browser" finished-at="2018-12-19T07:37:34Z" duration-ms="3357" status="PASS">
          <reporter-output>
          </reporter-output>
        </test-method> <!-- Launch_Browser -->
        <test-method signature="Submission06()[pri:0, instance:com.controller.ScriptExecution@6a03bcb1]" started-at="2018-12-19T07:37:34Z" name="Submission06" finished-at="2018-12-19T07:38:09Z" duration-ms="34227" status="FAIL">
          <exception class="org.openqa.selenium.NoSuchElementException">
            <message>
              <![CDATA[no such element: Unable to locate element: {"method":"xpath","selector":"//span[contains(text(),'#443')]/following::button[2]"}
  (Session info: chrome=70.0.3538.110)
  (Driver info: chromedriver=2.40.565498 (ea082db3280dd6843ebfb08a625e3eb905c4f5ab),platform=Windows NT 10.0.17134 x86_64) (WARNING: The server did not provide any stacktrace information)
Command duration or timeout: 0 milliseconds
For documentation on this error, please visit: http://seleniumhq.org/exceptions/no_such_element.html
Build info: version: '3.13.0', revision: '2f0d292', time: '2018-06-25T15:24:21.231Z'
System info: host: 'DESKTOP-L268OE3', ip: '10.7.22.183', os.name: 'Windows 10', os.arch: 'amd64', os.version: '10.0', java.version: '10.0.2'
Driver info: org.openqa.selenium.chrome.ChromeDriver
Capabilities {acceptInsecureCerts: false, acceptSslCerts: false, applicationCacheEnabled: false, browserConnectionEnabled: false, browserName: chrome, chrome: {chromedriverVersion: 2.40.565498 (ea082db3280dd6..., userDataDir: C:\WINDOWS\TEMP\scoped_dir8...}, cssSelectorsEnabled: true, databaseEnabled: false, handlesAlerts: true, hasTouchScreen: false, javascriptEnabled: true, locationContextEnabled: true, mobileEmulationEnabled: false, nativeEvents: true, networkConnectionEnabled: false, pageLoadStrategy: normal, platform: XP, platformName: XP, rotatable: false, setWindowRect: true, takesHeapSnapshot: true, takesScreenshot: true, unexpectedAlertBehaviour: , unhandledPromptBehavior: , version: 70.0.3538.110, webStorageEnabled: true}
Session ID: 1d212406de6e7468175ff85099f9d57f
*** Element info: {Using=xpath, value=//span[contains(text(),'#443')]/following::button[2]}]]>
            </message>
            <full-stacktrace>
              <![CDATA[org.openqa.selenium.NoSuchElementException: no such element: Unable to locate element: {"method":"xpath","selector":"//span[contains(text(),'#443')]/following::button[2]"}
  (Session info: chrome=70.0.3538.110)
  (Driver info: chromedriver=2.40.565498 (ea082db3280dd6843ebfb08a625e3eb905c4f5ab),platform=Windows NT 10.0.17134 x86_64) (WARNING: The server did not provide any stacktrace information)
Command duration or timeout: 0 milliseconds
For documentation on this error, please visit: http://seleniumhq.org/exceptions/no_such_element.html
Build info: version: '3.13.0', revision: '2f0d292', time: '2018-06-25T15:24:21.231Z'
System info: host: 'DESKTOP-L268OE3', ip: '10.7.22.183', os.name: 'Windows 10', os.arch: 'amd64', os.version: '10.0', java.version: '10.0.2'
Driver info: org.openqa.selenium.chrome.ChromeDriver
Capabilities {acceptInsecureCerts: false, acceptSslCerts: false, applicationCacheEnabled: false, browserConnectionEnabled: false, browserName: chrome, chrome: {chromedriverVersion: 2.40.565498 (ea082db3280dd6..., userDataDir: C:\WINDOWS\TEMP\scoped_dir8...}, cssSelectorsEnabled: true, databaseEnabled: false, handlesAlerts: true, hasTouchScreen: false, javascriptEnabled: true, locationContextEnabled: true, mobileEmulationEnabled: false, nativeEvents: true, networkConnectionEnabled: false, pageLoadStrategy: normal, platform: XP, platformName: XP, rotatable: false, setWindowRect: true, takesHeapSnapshot: true, takesScreenshot: true, unexpectedAlertBehaviour: , unhandledPromptBehavior: , version: 70.0.3538.110, webStorageEnabled: true}
Session ID: 1d212406de6e7468175ff85099f9d57f
*** Element info: {Using=xpath, value=//span[contains(text(),'#443')]/following::button[2]}
at java.base/jdk.internal.reflect.NativeConstructorAccessorImpl.newInstance0(Native Method)
at java.base/jdk.internal.reflect.NativeConstructorAccessorImpl.newInstance(Unknown Source)
at java.base/jdk.internal.reflect.DelegatingConstructorAccessorImpl.newInstance(Unknown Source)
at java.base/java.lang.reflect.Constructor.newInstance(Unknown Source)
at org.openqa.selenium.remote.ErrorHandler.createThrowable(ErrorHandler.java:214)
at org.openqa.selenium.remote.ErrorHandler.throwIfResponseFailed(ErrorHandler.java:166)
at org.openqa.selenium.remote.http.JsonHttpResponseCodec.reconstructValue(JsonHttpResponseCodec.java:40)
at org.openqa.selenium.remote.http.AbstractHttpResponseCodec.decode(AbstractHttpResponseCodec.java:80)
at org.openqa.selenium.remote.http.AbstractHttpResponseCodec.decode(AbstractHttpResponseCodec.java:44)
at org.openqa.selenium.remote.HttpCommandExecutor.execute(HttpCommandExecutor.java:158)
at org.openqa.selenium.remote.service.DriverCommandExecutor.execute(DriverCommandExecutor.java:83)
at org.openqa.selenium.remote.RemoteWebDriver.execute(RemoteWebDriver.java:548)
at org.openqa.selenium.remote.RemoteWebDriver.findElement(RemoteWebDriver.java:322)
at org.openqa.selenium.remote.RemoteWebDriver.findElementByXPath(RemoteWebDriver.java:424)
at org.openqa.selenium.By$ByXPath.findElement(By.java:353)
at org.openqa.selenium.remote.RemoteWebDriver.findElement(RemoteWebDriver.java:314)
at com.objects_pages.ManageJobPage.Click_Mangae_Job(ManageJobPage.java:61)
at com.scenarios.Sc_080_Verify_Accept_ReviewSubmission.Accept_ReviewSubmission(Sc_080_Verify_Accept_ReviewSubmission.java:43)
at com.controller.ScriptExecution.Submission06(ScriptExecution.java:345)
at java.base/jdk.internal.reflect.NativeMethodAccessorImpl.invoke0(Native Method)
at java.base/jdk.internal.reflect.NativeMethodAccessorImpl.invoke(Unknown Source)
at java.base/jdk.internal.reflect.DelegatingMethodAccessorImpl.invoke(Unknown Source)
at java.base/java.lang.reflect.Method.invoke(Unknown Source)
[...]
at org.openqa.selenium.remote.RemoteWebDriver.findElementByXPath(RemoteWebDriver.java:424)
at org.openqa.selenium.By$ByXPath.findElement(By.java:353)
at org.openqa.selenium.remote.RemoteWebDriver.findElement(RemoteWebDriver.java:314)
at com.objects_pages.Agency_CampaignsPage.Accept_Job(Agency_CampaignsPage.java:43)
at com.scenarios.GO_AgentAcceptandTagCandidates.agentAcceptandTagCandidates(GO_AgentAcceptandTagCandidates.java:42)
at com.controller.ScriptExecution.onboarding3(ScriptExecution.java:377)
at java.base/jdk.internal.reflect.NativeMethodAccessorImpl.invoke0(Native Method)
at java.base/jdk.internal.reflect.NativeMethodAccessorImpl.invoke(Unknown Source)
at java.base/jdk.internal.reflect.DelegatingMethodAccessorImpl.invoke(Unknown Source)
at java.base/java.lang.reflect.Method.invoke(Unknown Source)
at org.testng.internal.MethodInvocationHelper.invokeMethod(MethodInvocationHelper.java:124)
at org.testng.internal.Invoker.invokeMethod(Invoker.java:580)
at org.testng.internal.Invoker.invokeTestMethod(Invoker.java:716)
at org.testng.internal.Invoker.invokeTestMethods(Invoker.java:988)
at org.testng.internal.TestMethodWorker.invokeTestMethods(TestMethodWorker.java:125)
at org.testng.internal.TestMethodWorker.run(TestMethodWorker.java:109)
at java.base/java.util.concurrent.ThreadPoolExecutor.runWorker(Unknown Source)
at java.base/java.util.concurrent.ThreadPoolExecutor$Worker.run(Unknown Source)
at java.base/java.lang.Thread.run(Unknown Source)
]]>
            </full-stacktrace>
          </exception> <!-- org.openqa.selenium.NoSuchElementException -->
          <reporter-output>
          </reporter-output>
        </test-method> <!-- onboarding3 -->
        <test-method is-config="true" signature="Close_Browser()[pri:0, instance:com.controller.ScriptExecution@6a03bcb1]" started-at="2018-12-19T07:46:16Z" name="Close_Browser" finished-at="2018-12-19T07:46:19Z" duration-ms="2700" status="PASS">
          <reporter-output>
          </reporter-output>
        </test-method> <!-- Close_Browser -->
        <test-method is-config="true" signature="Launch_Browser()[pri:0, instance:com.controller.ScriptExecution@6a03bcb1]" started-at="2018-12-19T07:46:19Z" name="Launch_Browser" finished-at="2018-12-19T07:46:22Z" duration-ms="3379" status="PASS">
          <reporter-output>
          </reporter-output>
        </test-method> <!-- Launch_Browser -->
        <test-method signature="onboarding4()[pri:0, instance:com.controller.ScriptExecution@6a03bcb1]" started-at="2018-12-19T07:46:22Z" name="onboarding4" finished-at="2018-12-19T07:46:57Z" duration-ms="34975" status="FAIL">
          <exception class="org.openqa.selenium.NoSuchElementException">
            <message>
              <![CDATA[no such element: Unable to locate element: {"method":"xpath","selector":"//span[contains(text(),'#443')]/following::button[2]"}
  (Session info: chrome=70.0.3538.110)
  (Driver info: chromedriver=2.40.565498 (ea082db3280dd6843ebfb08a625e3eb905c4f5ab),platform=Windows NT 10.0.17134 x86_64) (WARNING: The server did not provide any stacktrace information)
Command duration or timeout: 0 milliseconds
For documentation on this error, please visit: http://seleniumhq.org/exceptions/no_such_element.html
Build info: version: '3.13.0', revision: '2f0d292', time: '2018-06-25T15:24:21.231Z'
System info: host: 'DESKTOP-L268OE3', ip: '10.7.22.183', os.name: 'Windows 10', os.arch: 'amd64', os.version: '10.0', java.version: '10.0.2'
Driver info: org.openqa.selenium.chrome.ChromeDriver
Capabilities {acceptInsecureCerts: false, acceptSslCerts: false, applicationCacheEnabled: false, browserConnectionEnabled: false, browserName: chrome, chrome: {chromedriverVersion: 2.40.565498 (ea082db3280dd6..., userDataDir: C:\WINDOWS\TEMP\scoped_dir1...}, cssSelectorsEnabled: true, databaseEnabled: false, handlesAlerts: true, hasTouchScreen: false, javascriptEnabled: true, locationContextEnabled: true, mobileEmulationEnabled: false, nativeEvents: true, networkConnectionEnabled: false, pageLoadStrategy: normal, platform: XP, platformName: XP, rotatable: false, setWindowRect: true, takesHeapSnapshot: true, takesScreenshot: true, unexpectedAlertBehaviour: , unhandledPromptBehavior: , version: 70.0.3538.110, webStorageEnabled: true}
Session ID: 8b45d564bf5df2e72b5bc1a11b5b42e2
*** Element info: {Using=xpath, value=//span[contains(text(),'#443')]/following::button[2]}]]>
            </message>
            <full-stacktrace>
              <![CDATA[org.openqa.selenium.NoSuchElementException: no such element: Unable to locate element: {"method":"xpath","selector":"//span[contains(text(),'#443')]/following::button[2]"}
  (Session info: chrome=70.0.3538.110)
  (Driver info: chromedriver=2.40.565498 (ea082db3280dd6843ebfb08a625e3eb905c4f5ab),platform=Windows NT 10.0.17134 x86_64) (WARNING: The server did not provide any stacktrace information)
Command duration or timeout: 0 milliseconds
For documentation on this error, please visit: http://seleniumhq.org/exceptions/no_such_element.html
Build info: version: '3.13.0', revision: '2f0d292', time: '2018-06-25T15:24:21.231Z'
System info: host: 'DESKTOP-L268OE3', ip: '10.7.22.183', os.name: 'Windows 10', os.arch: 'amd64', os.version: '10.0', java.version: '10.0.2'
Driver info: org.openqa.selenium.chrome.ChromeDriver
Capabilities {acceptInsecureCerts: false, acceptSslCerts: false, applicationCacheEnabled: false, browserConnectionEnabled: false, browserName: chrome, chrome: {chromedriverVersion: 2.40.565498 (ea082db3280dd6..., userDataDir: C:\WINDOWS\TEMP\scoped_dir1...}, cssSelectorsEnabled: true, databaseEnabled: false, handlesAlerts: true, hasTouchScreen: false, javascriptEnabled: true, locationContextEnabled: true, mobileEmulationEnabled: false, nativeEvents: true, networkConnectionEnabled: false, pageLoadStrategy: normal, platform: XP, platformName: XP, rotatable: false, setWindowRect: true, takesHeapSnapshot: true, takesScreenshot: true, unexpectedAlertBehaviour: , unhandledPromptBehavior: , version: 70.0.3538.110, webStorageEnabled: true}
Session ID: 8b45d564bf5df2e72b5bc1a11b5b42e2
*** Element info: {Using=xpath, value=//span[contains(text(),'#443')]/following::button[2]}
at java.base/jdk.internal.reflect.NativeConstructorAccessorImpl.newInstance0(Native Method)
at java.base/jdk.internal.reflect.NativeConstructorAccessorImpl.newInstance(Unknown Source)
at java.base/jdk.internal.reflect.DelegatingConstructorAccessorImpl.newInstance(Unknown Source)
at java.base/java.lang.reflect.Constructor.newInstance(Unknown Source)
at org.openqa.selenium.remote.ErrorHandler.createThrowable(ErrorHandler.java:214)
at org.openqa.selenium.remote.ErrorHandler.throwIfResponseFailed(ErrorHandler.java:166)
at org.openqa.selenium.remote.http.JsonHttpResponseCodec.reconstructValue(JsonHttpResponseCodec.java:40)
at org.openqa.selenium.remote.http.AbstractHttpResponseCodec.decode(AbstractHttpResponseCodec.java:80)
at org.openqa.selenium.remote.http.AbstractHttpResponseCodec.decode(AbstractHttpResponseCodec.java:44)
at org.openqa.selenium.remote.HttpCommandExecutor.execute(HttpCommandExecutor.java:158)
at org.openqa.selenium.remote.service.DriverCommandExecutor.execute(DriverCommandExecutor.java:83)
at org.openqa.selenium.remote.RemoteWebDriver.execute(RemoteWebDriver.java:548)
at org.openqa.selenium.remote.RemoteWebDriver.findElement(RemoteWebDriver.java:322)
at org.openqa.selenium.remote.RemoteWebDriver.findElementByXPath(RemoteWebDriver.java:424)
at org.openqa.selenium.By$ByXPath.findElement(By.java:353)
at org.openqa.selenium.remote.RemoteWebDriver.findElement(RemoteWebDriver.java:314)
at com.objects_pages.ManageJobPage.Click_Mangae_Job(ManageJobPage.java:61)
at com.scenarios.GO_AdminReviewSubmission.goAdminReviewSubmission(GO_AdminReviewSubmission.java:42)
at com.controller.ScriptExecution.onboarding4(ScriptExecution.java:383)
at java.base/jdk.internal.reflect.NativeMethodAccessorImpl.invoke0(Native Method)
at java.base/jdk.internal.reflect.NativeMethodAccessorImpl.invoke(Unknown Source)
at java.base/jdk.internal.reflect.DelegatingMethodAccessorImpl.invoke(Unknown Source)
at java.base/java.lang.reflect.Method.invoke(Unknown Source)
at org.testng.internal.MethodInvocationHelper.invokeMethod(MethodInvocationHelper.java:124)
at org.testng.internal.Invoker.invokeMethod(Invoker.java:580)
at org.testng.internal.Invoker.invokeTestMethod(Invoker.java:716)
at org.testng.internal.Invoker.invokeTestMethods(Invoker.java:988)
at org.testng.internal.TestMethodWorker.invokeTestMethods(TestMethodWorker.java:125)
at org.testng.internal.TestMethodWorker.run(TestMethodWorker.java:109)
at java.base/java.util.concurrent.ThreadPoolExecutor.runWorker(Unknown Source)
at java.base/java.util.concurrent.ThreadPoolExecutor$Worker.run(Unknown Source)
at java.base/java.lang.Thread.run(Unknown Source)
]]>
            </full-stacktrace>
          </exception> <!-- org.openqa.selenium.NoSuchElementException -->
          <reporter-output>
          </reporter-output>
        </test-method> <!-- onboarding4 -->
        <test-method is-config="true" signature="Close_Browser()[pri:0, instance:com.controller.ScriptExecution@6a03bcb1]" started-at="2018-12-19T07:46:58Z" name="Close_Browser" finished-at="2018-12-19T07:47:00Z" duration-ms="2691" status="PASS">
          <reporter-output>
          </reporter-output>
        </test-method> <!-- Close_Browser -->
        <test-method is-config="true" signature="Launch_Browser()[pri:0, instance:com.controller.ScriptExecution@6a03bcb1]" started-at="2018-12-19T07:47:00Z" name="Launch_Browser" finished-at="2018-12-19T07:47:03Z" duration-ms="3245" status="PASS">
          <reporter-output>
          </reporter-output>
        </test-method> <!-- Launch_Browser -->
        <test-method signature="onboarding5()[pri:0, instance:com.controller.ScriptExecution@6a03bcb1]" started-at="2018-12-19T07:47:03Z" name="onboarding5" finished-at="2018-12-19T07:49:09Z" duration-ms="125184" status="FAIL">
          <exception class="org.openqa.selenium.NoSuchElementException">
            <message>
              <![CDATA[no such element: Unable to locate element: {"method":"xpath","selector":"//span[@class='pull-left accent']"}
  (Session info: chrome=70.0.3538.110)
  (Driver info: chromedriver=2.40.565498 (ea082db3280dd6843ebfb08a625e3eb905c4f5ab),platform=Windows NT 10.0.17134 x86_64) (WARNING: The server did not provide any stacktrace information)
Command duration or timeout: 0 milliseconds
For documentation on this error, please visit: http://seleniumhq.org/exceptions/no_such_element.html
Build info: version: '3.13.0', revision: '2f0d292', time: '2018-06-25T15:24:21.231Z'
System info: host: 'DESKTOP-L268OE3', ip: '10.7.22.183', os.name: 'Windows 10', os.arch: 'amd64', os.version: '10.0', java.version: '10.0.2'
Driver info: org.openqa.selenium.chrome.ChromeDriver
Capabilities {acceptInsecureCerts: false, acceptSslCerts: false, applicationCacheEnabled: false, browserConnectionEnabled: false, browserName: chrome, chrome: {chromedriverVersion: 2.40.565498 (ea082db3280dd6..., userDataDir: C:\WINDOWS\TEMP\scoped_dir1...}, cssSelectorsEnabled: true, databaseEnabled: false, handlesAlerts: true, hasTouchScreen: false, javascriptEnabled: true, locationContextEnabled: true, mobileEmulationEnabled: false, nativeEvents: true, networkConnectionEnabled: false, pageLoadStrategy: normal, platform: XP, platformName: XP, rotatable: false, setWindowRect: true, takesHeapSnapshot: true, takesScreenshot: true, unexpectedAlertBehaviour: , unhandledPromptBehavior: , version: 70.0.3538.110, webStorageEnabled: true}
Session ID: 39293a0f83a5e674b60f9bde877e11d0
*** Element info: {Using=xpath, value=//span[@class='pull-left accent']}]]>
            </message>
            <full-stacktrace>
              <![CDATA[org.openqa.selenium.NoSuchElementException: no such element: Unable to locate element: {"method":"xpath","selector":"//span[@class='pull-left accent']"}
  (Session info: chrome=70.0.3538.110)
  (Driver info: chromedriver=2.40.565498 (ea082db3280dd6843ebfb08a625e3eb905c4f5ab),platform=Windows NT 10.0.17134 x86_64) (WARNING: The server did not provide any stacktrace information)
Command duration or timeout: 0 milliseconds
For documentation on this error, please visit: http://seleniumhq.org/exceptions/no_such_element.html
Build info: version: '3.13.0', revision: '2f0d292', time: '2018-06-25T15:24:21.231Z'
System info: host: 'DESKTOP-L268OE3', ip: '10.7.22.183', os.name: 'Windows 10', os.arch: 'amd64', os.version: '10.0', java.version: '10.0.2'
Driver info: org.openqa.selenium.chrome.ChromeDriver
Capabilities {acceptInsecureCerts: false, acceptSslCerts: false, applicationCacheEnabled: false, browserConnectionEnabled: false, browserName: chrome, chrome: {chromedriverVersion: 2.40.565498 (ea082db3280dd6..., userDataDir: C:\WINDOWS\TEMP\scoped_dir1...}, cssSelectorsEnabled: true, databaseEnabled: false, handlesAlerts: true, hasTouchScreen: false, javascriptEnabled: true, locationContextEnabled: true, mobileEmulationEnabled: false, nativeEvents: true, networkConnectionEnabled: false, pageLoadStrategy: normal, platform: XP, platformName: XP, rotatable: false, setWindowRect: true, takesHeapSnapshot: true, takesScreenshot: true, unexpectedAlertBehaviour: , unhandledPromptBehavior: , version: 70.0.3538.110, webStorageEnabled: true}
Session ID: 39293a0f83a5e674b60f9bde877e11d0
*** Element info: {Using=xpath, value=//span[@class='pull-left accent']}
at jdk.internal.reflect.GeneratedConstructorAccessor64.newInstance(Unknown Source)
at java.base/jdk.internal.reflect.DelegatingConstructorAccessorImpl.newInstance(Unknown Source)
at java.base/java.lang.reflect.Constructor.newInstance(Unknown Source)
at org.openqa.selenium.remote.ErrorHandler.createThrowable(ErrorHandler.java:214)
at org.openqa.selenium.remote.ErrorHandler.throwIfResponseFailed(ErrorHandler.java:166)
at org.openqa.selenium.remote.http.JsonHttpResponseCodec.reconstructValue(JsonHttpResponseCodec.java:40)
at org.openqa.selenium.remote.http.AbstractHttpResponseCodec.decode(AbstractHttpResponseCodec.java:80)
at org.openqa.selenium.remote.http.AbstractHttpResponseCodec.decode(AbstractHttpResponseCodec.java:44)
at org.openqa.selenium.remote.HttpCommandExecutor.execute(HttpCommandExecutor.java:158)
at org.openqa.selenium.remote.service.DriverCommandExecutor.execute(DriverCommandExecutor.java:83)
at org.openqa.selenium.remote.RemoteWebDriver.execute(RemoteWebDriver.java:548)
at org.openqa.selenium.remote.RemoteWebDriver.findElement(RemoteWebDriver.java:322)
at org.openqa.selenium.remote.RemoteWebDriver.findElementByXPath(RemoteWebDriver.java:424)
at org.openqa.selenium.By$ByXPath.findElement(By.java:353)
at org.openqa.selenium.remote.RemoteWebDriver.findElement(RemoteWebDriver.java:314)
at org.openqa.selenium.support.pagefactory.DefaultElementLocator.findElement(DefaultElementLocator.java:69)
at org.openqa.selenium.support.pagefactory.internal.LocatingElementHandler.invoke(LocatingElementHandler.java:38)
at com.sun.proxy.$Proxy10.click(Unknown Source)
at com.objects_pages.ManageResponsesPage.clickPendingReviewBackButton(ManageResponsesPage.java:100)
at com.scenarios.GO_CorporateShortlists.corporateShortlist(GO_CorporateShortlists.java:62)
at com.controller.ScriptExecution.onboarding5(ScriptExecution.java:389)
at java.base/jdk.internal.reflect.NativeMethodAccessorImpl.invoke0(Native Method)
at java.base/jdk.internal.reflect.NativeMethodAccessorImpl.invoke(Unknown Source)
at java.base/jdk.internal.reflect.DelegatingMethodAccessorImpl.invoke(Unknown Source)
at java.base/java.lang.reflect.Method.invoke(Unknown Source)
at org.testng.internal.MethodInvocationHelper.invokeMethod(MethodInvocationHelper.java:124)
at org.testng.internal.Invoker.invokeMethod(Invoker.java:580)
at org.testng.internal.Invoker.invokeTestMethod(Invoker.java:716)
at org.testng.internal.Invoker.invokeTestMethods(Invoker.java:988)
at org.testng.internal.TestMethodWorker.invokeTestMethods(TestMethodWorker.java:125)
at org.testng.internal.TestMethodWorker.run(TestMethodWorker.java:109)
at java.base/java.util.concurrent.ThreadPoolExecutor.runWorker(Unknown Source)
at java.base/java.util.concurrent.ThreadPoolExecutor$Worker.run(Unknown Source)
at java.base/java.lang.Thread.run(Unknown Source)
]]>
            </full-stacktrace>
          </exception> <!-- org.openqa.selenium.NoSuchElementException -->
          <reporter-output>
          </reporter-output>
        </test-method> <!-- onboarding5 -->
        <test-method is-config="true" signature="Close_Browser()[pri:0, instance:com.controller.ScriptExecution@6a03bcb1]" started-at="2018-12-19T07:49:09Z" name="Close_Browser" finished-at="2018-12-19T07:49:12Z" duration-ms="2892" status="PASS">
          <reporter-output>
          </reporter-output>
        </test-method> <!-- Close_Browser -->
        <test-method signature="CorporateDashboard02()[pri:0, instance:com.controller.ScriptExecution@6a03bcb1]" started-at="2018-12-19T07:49:12Z" name="CorporateDashboard02" finished-at="2018-12-19T07:49:12Z" depends-on-methods="com.controller.ScriptExecution.onboarding5" duration-ms="1" status="SKIP">
          <exception class="java.lang.Throwable">
            <message>
              <![CDATA[Method ScriptExecution.CorporateDashboard02()[pri:0, instance:com.controller.ScriptExecution@6a03bcb1] depends on not successfully finished methods]]>
            </message>
            <full-stacktrace>
              <![CDATA[java.lang.Throwable: Method ScriptExecution.CorporateDashboard02()[pri:0, instance:com.controller.ScriptExecution@6a03bcb1] depends on not successfully finished methods
at org.testng.internal.Invoker.invokeTestMethods(Invoker.java:887)
at org.testng.internal.TestMethodWorker.invokeTestMethods(TestMethodWorker.java:125)
at org.testng.internal.TestMethodWorker.run(TestMethodWorker.java:109)
at java.base/java.util.concurrent.ThreadPoolExecutor.runWorker(Unknown Source)
at java.base/java.util.concurrent.ThreadPoolExecutor$Worker.run(Unknown Source)
at java.base/java.lang.Thread.run(Unknown Source)
]]>
            </full-stacktrace>
          </exception> <!-- java.lang.Throwable -->
          <reporter-output>
          </reporter-output>
        </test-method> <!-- CorporateDashboard02 -->
        <test-method signature="CorporateDashboard03()[pri:0, instance:com.controller.ScriptExecution@6a03bcb1]" started-at="2018-12-19T07:49:12Z" name="CorporateDashboard03" finished-at="2018-12-19T07:49:12Z" depends-on-methods="com.controller.ScriptExecution.onboarding5" duration-ms="0" status="SKIP">
          <exception class="java.lang.Throwable">
            <message>
              <![CDATA[Method ScriptExecution.CorporateDashboard03()[pri:0, instance:com.controller.ScriptExecution@6a03bcb1] depends on not successfully finished methods]]>
            </message>
            <full-stacktrace>
              <![CDATA[java.lang.Throwable: Method ScriptExecution.CorporateDashboard03()[pri:0, instance:com.controller.ScriptExecution@6a03bcb1] depends on not successfully finished methods
at org.testng.internal.Invoker.invokeTestMethods(Invoker.java:887)
at org.testng.internal.TestMethodWorker.invokeTestMethods(TestMethodWorker.java:125)
at org.testng.internal.TestMethodWorker.run(TestMethodWorker.java:109)
at java.base/java.util.concurrent.ThreadPoolExecutor.runWorker(Unknown Source)
at java.base/java.util.concurrent.ThreadPoolExecutor$Worker.run(Unknown Source)
at java.base/java.lang.Thread.run(Unknown Source)
]]>
            </full-stacktrace>
          </exception> <!-- java.lang.Throwable -->
          <reporter-output>
          </reporter-output>
        </test-method> <!-- CorporateDashboard03 -->
      </class> <!-- com.controller.ScriptExecution -->
    </test> <!-- Normal Scripts -->
  </suite> <!-- WS Suite -->
</testng-results>
