<?xml version="1.0" encoding="UTF-8"?>
<testsuite xmlns:xsi="http://www.w3.org/2001/XMLSchema-instance" xsi:noNamespaceSchemaLocation="https://maven.apache.org/surefire/maven-surefire-plugin/xsd/surefire-test-report.xsd" name="TestSuite" time="217.133" tests="15" errors="0" skipped="6" failures="4">
  <properties>
[...]
</properties>
  <testcase name="Scenario_005" classname="com.controller.ScriptExecution" time="5.094"/>
  <testcase name="Scenario_006" classname="com.controller.ScriptExecution" time="7.021"/>
  <testcase name="Scenario_008" classname="com.controller.ScriptExecution" time="4.225">
    <failure message="\com.automation.wsp\src\main\resources\TestData.xlsx (The system cannot find the path specified)" type="java.io.FileNotFoundException">java.io.FileNotFoundException: \com.automation.wsp\src\main\resources\TestData.xlsx (The system cannot find the path specified)
	at com.controller.ScriptExecution.Scenario_008(ScriptExecution.java:68)
</failure>
    <system-err><![CDATA[Aug 22, 2018 12:07:43 PM org.openqa.selenium.remote.ProtocolHandshake createSession
INFO: Detected dialect: W3C
]]></system-err>
  </testcase>
  <testcase name="Scenario_009" classname="com.controller.ScriptExecution" time="3.232"/>
  <testcase name="Scenario_010" classname="com.controller.ScriptExecution" time="6.35"/>
  <testcase name="Scenario_011" classname="com.controller.ScriptExecution" time="4.32"/>
  <testcase name="Scenario_022" classname="com.controller.ScriptExecution" time="23.292">
    <failure message="Unable to locate element: //a[contains(text(),&apos;Post Job&apos;)]&#10;For documentation on this error, please visit: http://seleniumhq.org/exceptions/no_such_element.html&#10;Build info: version: &apos;3.13.0&apos;, revision: &apos;2f0d292&apos;, time: &apos;2018-06-25T15:24:21.231Z&apos;&#10;System info: host: &apos;DESKTOP-L268OE3&apos;, ip: &apos;10.7.23.187&apos;, os.name: &apos;Windows 10&apos;, os.arch: &apos;amd64&apos;, os.version: &apos;10.0&apos;, java.version: &apos;10.0.2&apos;&#10;Driver info: org.openqa.selenium.firefox.FirefoxDriver&#10;Capabilities {acceptInsecureCerts: true, browserName: firefox, browserVersion: 61.0.1, javascriptEnabled: true, moz:accessibilityChecks: false, moz:headless: false, moz:processID: 8268, moz:profile: C:\Users\DELL\AppData\Local..., moz:useNonSpecCompliantPointerOrigin: false, moz:webdriverClick: true, pageLoadStrategy: normal, platform: XP, platformName: XP, platformVersion: 10.0, rotatable: false, timeouts: {implicit: 0, pageLoad: 300000, script: 30000}}&#10;Session ID: 6a0af935-d1d4-4dea-862e-91d28989d1cc&#10;*** Element info: {Using=xpath, value=//a[contains(text(),&apos;Post Job&apos;)]}" type="org.openqa.selenium.NoSuchElementException">org.openqa.selenium.NoSuchElementException: 
Unable to locate element: //a[contains(text(),'Post Job')]
For documentation on this error, please visit: http://seleniumhq.org/exceptions/no_such_element.html
Build info: version: '3.13.0', revision: '2f0d292', time: '2018-06-25T15:24:21.231Z'
System info: host: 'DESKTOP-L268OE3', ip: '10.7.23.187', os.name: 'Windows 10', os.arch: 'amd64', os.version: '10.0', java.version: '10.0.2'
Driver info: org.openqa.selenium.firefox.FirefoxDriver
Capabilities {acceptInsecureCerts: true, browserName: firefox, browserVersion: 61.0.1, javascriptEnabled: true, moz:accessibilityChecks: false, moz:headless: false, moz:processID: 8268, moz:profile: C:\Users\DELL\AppData\Local..., moz:useNonSpecCompliantPointerOrigin: false, moz:webdriverClick: true, pageLoadStrategy: normal, platform: XP, platformName: XP, platformVersion: 10.0, rotatable: false, timeouts: {implicit: 0, pageLoad: 300000, script: 30000}}
Session ID: 6a0af935-d1d4-4dea-862e-91d28989d1cc
*** Element info: {Using=xpath, value=//a[contains(text(),'Post Job')]}
	at com.controller.ScriptExecution.Scenario_022(ScriptExecution.java:101)
</failure>
    <system-err><![CDATA[Aug 22, 2018 12:08:49 PM org.openqa.selenium.remote.ProtocolHandshake createSession
INFO: Detected dialect: W3C
]]></system-err>
  </testcase>
  <testcase name="Scenario_023" classname="com.controller.ScriptExecution" time="26.32">
    <failure message="Unable to locate element: //a[contains(text(),&apos;Post Job&apos;)]&#10;For documentation on this error, please visit: http://seleniumhq.org/exceptions/no_such_element.html&#10;Build info: version: &apos;3.13.0&apos;, revision: &apos;2f0d292&apos;, time: &apos;2018-06-25T15:24:21.231Z&apos;&#10;System info: host: &apos;DESKTOP-L268OE3&apos;, ip: &apos;10.7.23.187&apos;, os.name: &apos;Windows 10&apos;, os.arch: &apos;amd64&apos;, os.version: &apos;10.0&apos;, java.version: &apos;10.0.2&apos;&#10;Driver info: org.openqa.selenium.firefox.FirefoxDriver&#10;Capabilities {acceptInsecureCerts: true, browserName: firefox, browserVersion: 61.0.1, javascriptEnabled: true, moz:accessibilityChecks: false, moz:headless: false, moz:processID: 8424, moz:profile: C:\Users\DELL\AppData\Local..., moz:useNonSpecCompliantPointerOrigin: false, moz:webdriverClick: true, pageLoadStrategy: normal, platform: XP, platformName: XP, platformVersion: 10.0, rotatable: false, timeouts: {implicit: 0, pageLoad: 300000, script: 30000}}&#10;Session ID: f6acd6dd-0ef4-4d92-875d-f6a5fe3ccc52&#10;*** Element info: {Using=xpath, value=//a[contains(text(),&apos;Post Job&apos;)]}" type="org.openqa.selenium.NoSuchElementException">org.openqa.selenium.NoSuchElementException: 
Unable to locate element: //a[contains(text(),'Post Job')]
For documentation on this error, please visit: http://seleniumhq.org/exceptions/no_such_element.html
Build info: version: '3.13.0', revision: '2f0d292', time: '2018-06-25T15:24:21.231Z'
System info: host: 'DESKTOP-L268OE3', ip: '10.7.23.187', os.name: 'Windows 10', os.arch: 'amd64', os.version: '10.0', java.version: '10.0.2'
Driver info: org.openqa.selenium.firefox.FirefoxDriver
Capabilities {acceptInsecureCerts: true, browserName: firefox, browserVersion: 61.0.1, javascriptEnabled: true, moz:accessibilityChecks: false, moz:headless: false, moz:processID: 8424, moz:profile: C:\Users\DELL\AppData\Local..., moz:useNonSpecCompliantPointerOrigin: false, moz:webdriverClick: true, pageLoadStrategy: normal, platform: XP, platformName: XP, platformVersion: 10.0, rotatable: false, timeouts: {implicit: 0, pageLoad: 300000, script: 30000}}
Session ID: f6acd6dd-0ef4-4d92-875d-f6a5fe3ccc52
*** Element info: {Using=xpath, value=//a[contains(text(),'Post Job')]}
	at com.controller.ScriptExecution.Scenario_023(ScriptExecution.java:110)
</failure>
    <system-err><![CDATA[Aug 22, 2018 12:09:25 PM org.openqa.selenium.remote.ProtocolHandshake createSession
INFO: Detected dialect: W3C
]]></system-err>
  </testcase>
  <testcase name="Scenario_028" classname="com.controller.ScriptExecution" time="23.662">
    <failure message="Unable to locate element: //a[contains(text(),&apos;Post Job&apos;)]&#10;For documentation on this error, please visit: http://seleniumhq.org/exceptions/no_such_element.html&#10;Build info: version: &apos;3.13.0&apos;, revision: &apos;2f0d292&apos;, time: &apos;2018-06-25T15:24:21.231Z&apos;&#10;System info: host: &apos;DESKTOP-L268OE3&apos;, ip: &apos;10.7.23.187&apos;, os.name: &apos;Windows 10&apos;, os.arch: &apos;amd64&apos;, os.version: &apos;10.0&apos;, java.version: &apos;10.0.2&apos;&#10;Driver info: org.openqa.selenium.firefox.FirefoxDriver&#10;Capabilities {acceptInsecureCerts: true, browserName: firefox, browserVersion: 61.0.1, javascriptEnabled: true, moz:accessibilityChecks: false, moz:headless: false, moz:processID: 8932, moz:profile: C:\Users\DELL\AppData\Local..., moz:useNonSpecCompliantPointerOrigin: false, moz:webdriverClick: true, pageLoadStrategy: normal, platform: XP, platformName: XP, platformVersion: 10.0, rotatable: false, timeouts: {implicit: 0, pageLoad: 300000, script: 30000}}&#10;Session ID: 4a4726a7-3b04-438d-a281-7eb27110e312&#10;*** Element info: {Using=xpath, value=//a[contains(text(),&apos;Post Job&apos;)]}" type="org.openqa.selenium.NoSuchElementException">org.openqa.selenium.NoSuchElementException: 
Unable to locate element: //a[contains(text(),'Post Job')]
For documentation on this error, please visit: http://seleniumhq.org/exceptions/no_such_element.html
Build info: version: '3.13.0', revision: '2f0d292', time: '2018-06-25T15:24:21.231Z'
System info: host: 'DESKTOP-L268OE3', ip: '10.7.23.187', os.name: 'Windows 10', os.arch: 'amd64', os.version: '10.0', java.version: '10.0.2'
Driver info: org.openqa.selenium.firefox.FirefoxDriver
Capabilities {acceptInsecureCerts: true, browserName: firefox, browserVersion: 61.0.1, javascriptEnabled: true, moz:accessibilityChecks: false, moz:headless: false, moz:processID: 8932, moz:profile: C:\Users\DELL\AppData\Local..., moz:useNonSpecCompliantPointerOrigin: false, moz:webdriverClick: true, pageLoadStrategy: normal, platform: XP, platformName: XP, platformVersion: 10.0, rotatable: false, timeouts: {implicit: 0, pageLoad: 300000, script: 30000}}
Session ID: 4a4726a7-3b04-438d-a281-7eb27110e312
*** Element info: {Using=xpath, value=//a[contains(text(),'Post Job')]}
	at com.controller.ScriptExecution.Scenario_028(ScriptExecution.java:124)
</failure>
    <system-err><![CDATA[Aug 22, 2018 12:10:04 PM org.openqa.selenium.remote.ProtocolHandshake createSession
INFO: Detected dialect: W3C
]]></system-err>
  </testcase>
  <testcase name="Scenario_032" classname="com.controller.ScriptExecution" time="0">
    <skipped message="Method ScriptExecution.Scenario_032()[pri:0, instance:com.controller.ScriptExecution@21b2e768] depends on not successfully finished methods"/>
  </testcase>
  <testcase name="Scenario_068" classname="com.controller.ScriptExecution" time="0">
    <skipped message="Method ScriptExecution.Scenario_068()[pri:0, instance:com.controller.ScriptExecution@21b2e768] depends on not successfully finished methods"/>
  </testcase>
  <testcase name="Scenarion_087" classname="com.controller.ScriptExecution" time="0">
    <skipped message="Method ScriptExecution.Scenarion_087()[pri:0, instance:com.controller.ScriptExecution@21b2e768] depends on not successfully finished methods"/>
  </testcase>
  <testcase name="Scenario_101" classname="com.controller.ScriptExecution" time="0">
    <skipped message="Method ScriptExecution.Scenario_101()[pri:0, instance:com.controller.ScriptExecution@21b2e768] depends on not successfully finished methods"/>
  </testcase>
  <testcase name="Scenario_080" classname="com.controller.ScriptExecution" time="0">
    <skipped message="Method ScriptExecution.Scenario_080()[pri:0, instance:com.controller.ScriptExecution@21b2e768] depends on not successfully finished methods"/>
  </testcase>
  <testcase name="Scenario_036" classname="com.controller.ScriptExecution" time="0">
    <skipped message="Method ScriptExecution.Scenario_036()[pri:0, instance:com.controller.ScriptExecution@21b2e768] depends on not successfully finished methods"/>
  </testcase>
</testsuite>